0 info it worked if it ends with ok
1 verbose cli [ '/usr/local/bin/node',
1 verbose cli   '/usr/local/bin/npm',
1 verbose cli   'remove',
1 verbose cli   'materialize-css' ]
2 info using npm@3.10.9
3 info using node@v7.1.0
4 silly loadCurrentTree Starting
5 silly install loadCurrentTree
6 silly install readLocalPackageData
7 silly install normalizeTree
8 silly loadCurrentTree Finishing
9 silly loadIdealTree Starting
10 silly install loadIdealTree
11 silly cloneCurrentTree Starting
12 silly install cloneCurrentTreeToIdealTree
13 silly cloneCurrentTree Finishing
14 silly loadShrinkwrap Starting
15 silly install loadShrinkwrap
16 silly loadShrinkwrap Finishing
17 silly loadAllDepsIntoIdealTree Starting
18 silly uninstall loadAllDepsIntoIdealtree
19 silly loadAllDepsIntoIdealTree Finishing
20 silly loadIdealTree Finishing
21 silly currentTree materialize-css@1.0.0-alpha.1
21 silly currentTree ├── abbrev@1.0.9
21 silly currentTree ├─┬ accepts@1.3.4
21 silly currentTree │ ├── mime-db@1.29.0
21 silly currentTree │ └── mime-types@2.1.16
21 silly currentTree ├── acorn-globals@1.0.9
21 silly currentTree ├── acorn@2.7.0
21 silly currentTree ├── after@0.8.1
21 silly currentTree ├── ajv@4.11.8
21 silly currentTree ├── align-text@0.1.4
21 silly currentTree ├── amdefine@1.0.1
21 silly currentTree ├── ansi-regex@2.0.0
21 silly currentTree ├── ansi-styles@2.2.1
21 silly currentTree ├── anymatch@1.3.2
21 silly currentTree ├── aproba@1.1.1
21 silly currentTree ├── archiver-utils@1.3.0
21 silly currentTree ├─┬ archiver@1.3.0
21 silly currentTree │ └── async@2.5.0
21 silly currentTree ├── are-we-there-yet@1.1.4
21 silly currentTree ├── argparse@1.0.9
21 silly currentTree ├── arr-diff@2.0.0
21 silly currentTree ├── arr-flatten@1.1.0
21 silly currentTree ├── array-find-index@1.0.2
21 silly currentTree ├── array-unique@0.2.1
21 silly currentTree ├── arraybuffer.slice@0.0.6
21 silly currentTree ├── arrify@1.0.1
21 silly currentTree ├── asap@1.0.0
21 silly currentTree ├── asn1@0.1.11
21 silly currentTree ├── assert-plus@0.1.5
21 silly currentTree ├── async-each-series@0.1.1
21 silly currentTree ├── async-each@1.0.1
21 silly currentTree ├── async-foreach@0.1.3
21 silly currentTree ├── async@1.5.2
21 silly currentTree ├── asynckit@0.4.0
21 silly currentTree ├── autoprefixer@7.1.3
21 silly currentTree ├── aws-sign2@0.6.0
21 silly currentTree ├── aws4@1.6.0
21 silly currentTree ├── babel-code-frame@6.22.0
21 silly currentTree ├─┬ babel-core@6.25.0
21 silly currentTree │ └── lodash@4.17.4
21 silly currentTree ├─┬ babel-generator@6.25.0
21 silly currentTree │ ├── jsesc@1.3.0
21 silly currentTree │ └── lodash@4.17.4
21 silly currentTree ├── babel-helper-call-delegate@6.24.1
21 silly currentTree ├─┬ babel-helper-define-map@6.26.0
21 silly currentTree │ ├── babel-runtime@6.26.0
21 silly currentTree │ ├── babel-types@6.26.0
21 silly currentTree │ └── regenerator-runtime@0.11.0
21 silly currentTree ├── babel-helper-function-name@6.24.1
21 silly currentTree ├── babel-helper-get-function-arity@6.24.1
21 silly currentTree ├── babel-helper-hoist-variables@6.24.1
21 silly currentTree ├── babel-helper-optimise-call-expression@6.24.1
21 silly currentTree ├─┬ babel-helper-regex@6.26.0
21 silly currentTree │ ├── babel-runtime@6.26.0
21 silly currentTree │ ├── babel-types@6.26.0
21 silly currentTree │ └── regenerator-runtime@0.11.0
21 silly currentTree ├── babel-helper-replace-supers@6.24.1
21 silly currentTree ├── babel-helpers@6.24.1
21 silly currentTree ├── babel-messages@6.23.0
21 silly currentTree ├── babel-plugin-check-es2015-constants@6.22.0
21 silly currentTree ├── babel-plugin-transform-es2015-arrow-functions@6.22.0
21 silly currentTree ├── babel-plugin-transform-es2015-block-scoped-functions@6.22.0
21 silly currentTree ├─┬ babel-plugin-transform-es2015-block-scoping@6.26.0
21 silly currentTree │ ├── babel-code-frame@6.26.0
21 silly currentTree │ ├── babel-runtime@6.26.0
21 silly currentTree │ ├── babel-template@6.26.0
21 silly currentTree │ ├── babel-traverse@6.26.0
21 silly currentTree │ ├── babel-types@6.26.0
21 silly currentTree │ ├── babylon@6.18.0
21 silly currentTree │ ├── debug@2.6.8
21 silly currentTree │ ├── ms@2.0.0
21 silly currentTree │ └── regenerator-runtime@0.11.0
21 silly currentTree ├── babel-plugin-transform-es2015-classes@6.24.1
21 silly currentTree ├── babel-plugin-transform-es2015-computed-properties@6.24.1
21 silly currentTree ├── babel-plugin-transform-es2015-destructuring@6.23.0
21 silly currentTree ├── babel-plugin-transform-es2015-duplicate-keys@6.24.1
21 silly currentTree ├── babel-plugin-transform-es2015-for-of@6.23.0
21 silly currentTree ├── babel-plugin-transform-es2015-function-name@6.24.1
21 silly currentTree ├── babel-plugin-transform-es2015-literals@6.22.0
21 silly currentTree ├── babel-plugin-transform-es2015-modules-amd@6.24.1
21 silly currentTree ├─┬ babel-plugin-transform-es2015-modules-commonjs@6.26.0
21 silly currentTree │ ├── babel-code-frame@6.26.0
21 silly currentTree │ ├── babel-runtime@6.26.0
21 silly currentTree │ ├── babel-template@6.26.0
21 silly currentTree │ ├── babel-traverse@6.26.0
21 silly currentTree │ ├── babel-types@6.26.0
21 silly currentTree │ ├── babylon@6.18.0
21 silly currentTree │ ├── debug@2.6.8
21 silly currentTree │ ├── ms@2.0.0
21 silly currentTree │ └── regenerator-runtime@0.11.0
21 silly currentTree ├── babel-plugin-transform-es2015-modules-systemjs@6.24.1
21 silly currentTree ├── babel-plugin-transform-es2015-modules-umd@6.24.1
21 silly currentTree ├── babel-plugin-transform-es2015-object-super@6.24.1
21 silly currentTree ├── babel-plugin-transform-es2015-parameters@6.24.1
21 silly currentTree ├── babel-plugin-transform-es2015-shorthand-properties@6.24.1
21 silly currentTree ├── babel-plugin-transform-es2015-spread@6.22.0
21 silly currentTree ├── babel-plugin-transform-es2015-sticky-regex@6.24.1
21 silly currentTree ├── babel-plugin-transform-es2015-template-literals@6.22.0
21 silly currentTree ├── babel-plugin-transform-es2015-typeof-symbol@6.23.0
21 silly currentTree ├── babel-plugin-transform-es2015-unicode-regex@6.24.1
21 silly currentTree ├── babel-plugin-transform-regenerator@6.26.0
21 silly currentTree ├── babel-plugin-transform-strict-mode@6.24.1
21 silly currentTree ├── babel-preset-es2015@6.24.1
21 silly currentTree ├─┬ babel-register@6.24.1
21 silly currentTree │ └── lodash@4.17.4
21 silly currentTree ├── babel-runtime@6.23.0
21 silly currentTree ├─┬ babel-template@6.25.0
21 silly currentTree │ └── lodash@4.17.4
21 silly currentTree ├─┬ babel-traverse@6.25.0
21 silly currentTree │ └── lodash@4.17.4
21 silly currentTree ├─┬ babel-types@6.25.0
21 silly currentTree │ └── lodash@4.17.4
21 silly currentTree ├── babylon@6.17.4
21 silly currentTree ├── backo2@1.0.2
21 silly currentTree ├── balanced-match@0.4.2
21 silly currentTree ├── base64-arraybuffer@0.1.5
21 silly currentTree ├── base64id@0.1.0
21 silly currentTree ├── batch@0.5.3
21 silly currentTree ├── bcrypt-pbkdf@1.0.1
21 silly currentTree ├── better-assert@1.0.2
21 silly currentTree ├── binary-extensions@1.10.0
21 silly currentTree ├─┬ bl@1.0.3
21 silly currentTree │ └── readable-stream@2.0.6
21 silly currentTree ├── blob@0.0.4
21 silly currentTree ├── block-stream@0.0.9
21 silly currentTree ├─┬ body-parser@1.14.2
21 silly currentTree │ ├── http-errors@1.3.1
21 silly currentTree │ ├── iconv-lite@0.4.13
21 silly currentTree │ └── qs@5.2.0
21 silly currentTree ├── boom@2.10.1
21 silly currentTree ├── brace-expansion@1.1.6
21 silly currentTree ├── braces@1.8.5
21 silly currentTree ├── browser-sync-client@2.5.1
21 silly currentTree ├── browser-sync-ui@0.6.3
21 silly currentTree ├── browser-sync@2.18.13
21 silly currentTree ├── browserify-zlib@0.1.4
21 silly currentTree ├── browserslist@2.4.0
21 silly currentTree ├── bs-recipes@1.3.4
21 silly currentTree ├── buffer-crc32@0.2.13
21 silly currentTree ├── buffer-shims@1.0.0
21 silly currentTree ├── builtin-modules@1.1.1
21 silly currentTree ├── bytes@2.2.0
21 silly currentTree ├── callsite@1.0.0
21 silly currentTree ├─┬ camelcase-keys@2.1.0
21 silly currentTree │ └── camelcase@2.1.1
21 silly currentTree ├── camelcase@1.2.1
21 silly currentTree ├── caniuse-lite@1.0.30000718
21 silly currentTree ├── caseless@0.11.0
21 silly currentTree ├── center-align@0.1.3
21 silly currentTree ├─┬ chalk@1.1.3
21 silly currentTree │ └── supports-color@2.0.0
21 silly currentTree ├── character-parser@1.2.1
21 silly currentTree ├── chokidar@1.7.0
21 silly currentTree ├─┬ clean-css@3.4.28
21 silly currentTree │ ├── commander@2.8.1
21 silly currentTree │ └── source-map@0.4.4
21 silly currentTree ├── cliui@3.2.0
21 silly currentTree ├── co@4.6.0
21 silly currentTree ├── code-point-at@1.1.0
21 silly currentTree ├── coffee-script@1.10.0
21 silly currentTree ├── color-convert@1.9.0
21 silly currentTree ├── color-name@1.1.3
21 silly currentTree ├── colors@1.1.2
21 silly currentTree ├── combined-stream@1.0.5
21 silly currentTree ├── commander@2.9.0
21 silly currentTree ├── component-bind@1.0.0
21 silly currentTree ├── component-emitter@1.1.2
21 silly currentTree ├── component-inherit@0.0.3
21 silly currentTree ├── compress-commons@1.2.0
21 silly currentTree ├── concat-map@0.0.1
21 silly currentTree ├── concat-stream@1.6.0
21 silly currentTree ├── connect-history-api-fallback@1.3.0
21 silly currentTree ├── connect@3.5.0
21 silly currentTree ├── console-control-strings@1.1.0
21 silly currentTree ├── constantinople@3.0.2
21 silly currentTree ├── content-type@1.0.2
21 silly currentTree ├── convert-source-map@1.5.0
21 silly currentTree ├── cookie@0.3.1
21 silly currentTree ├── core-js@2.4.1
21 silly currentTree ├── core-util-is@1.0.2
21 silly currentTree ├── crc@3.4.4
21 silly currentTree ├── crc32-stream@2.0.0
21 silly currentTree ├── cross-spawn@3.0.1
21 silly currentTree ├── cryptiles@2.0.5
21 silly currentTree ├── css-parse@1.0.4
21 silly currentTree ├── css-stringify@1.0.5
21 silly currentTree ├── css@1.0.8
21 silly currentTree ├── ctype@0.5.3
21 silly currentTree ├── currently-unhandled@0.4.1
21 silly currentTree ├─┬ dashdash@1.14.1
21 silly currentTree │ └── assert-plus@1.0.0
21 silly currentTree ├── dateformat@1.0.12
21 silly currentTree ├── debug@2.2.0
21 silly currentTree ├── decamelize@1.2.0
21 silly currentTree ├── delayed-stream@1.0.0
21 silly currentTree ├── delegates@1.0.0
21 silly currentTree ├── depd@1.1.1
21 silly currentTree ├── destroy@1.0.4
21 silly currentTree ├── detect-indent@4.0.0
21 silly currentTree ├── dev-ip@1.0.1
21 silly currentTree ├── diff@2.2.3
21 silly currentTree ├── duplexify@3.5.1
21 silly currentTree ├── each-async@1.1.1
21 silly currentTree ├─┬ easy-extender@2.3.2
21 silly currentTree │ └── lodash@3.10.1
21 silly currentTree ├── eazy-logger@3.0.2
21 silly currentTree ├── ecc-jsbn@0.1.1
21 silly currentTree ├── ee-first@1.1.1
21 silly currentTree ├── electron-to-chromium@1.3.18
21 silly currentTree ├── emitter-steward@1.0.0
21 silly currentTree ├── encodeurl@1.0.1
21 silly currentTree ├── end-of-stream@1.4.0
21 silly currentTree ├─┬ engine.io-client@1.8.0
21 silly currentTree │ ├── component-emitter@1.2.1
21 silly currentTree │ ├── debug@2.3.3
21 silly currentTree │ └── ms@0.7.2
21 silly currentTree ├─┬ engine.io-parser@1.3.1
21 silly currentTree │ ├── has-binary@0.1.6
21 silly currentTree │ └── isarray@0.0.1
21 silly currentTree ├─┬ engine.io@1.8.0
21 silly currentTree │ ├── accepts@1.3.3
21 silly currentTree │ ├── debug@2.3.3
21 silly currentTree │ └── ms@0.7.2
21 silly currentTree ├── error-ex@1.3.0
21 silly currentTree ├── es6-promise@4.0.5
21 silly currentTree ├── escape-html@1.0.3
21 silly currentTree ├── escape-string-regexp@1.0.5
21 silly currentTree ├── esprima@2.7.3
21 silly currentTree ├── esutils@2.0.2
21 silly currentTree ├── etag@1.8.0
21 silly currentTree ├── eventemitter2@0.4.14
21 silly currentTree ├── eventemitter3@1.2.0
21 silly currentTree ├── exit@0.1.2
21 silly currentTree ├── expand-brackets@0.1.5
21 silly currentTree ├── expand-range@1.8.2
21 silly currentTree ├─┬ express@2.5.11
21 silly currentTree │ ├── connect@1.9.2
21 silly currentTree │ ├── mkdirp@0.3.0
21 silly currentTree │ └── qs@0.4.2
21 silly currentTree ├── extend@3.0.0
21 silly currentTree ├── extglob@0.3.2
21 silly currentTree ├─┬ extract-zip@1.5.0
21 silly currentTree │ ├── concat-stream@1.5.0
21 silly currentTree │ ├── debug@0.7.4
21 silly currentTree │ ├── mkdirp@0.5.0
21 silly currentTree │ └── readable-stream@2.0.6
21 silly currentTree ├── extsprintf@1.0.2
21 silly currentTree ├── faye-websocket@0.10.0
21 silly currentTree ├── fd-slicer@1.0.1
21 silly currentTree ├── figures@1.7.0
21 silly currentTree ├── file-sync-cmp@0.1.1
21 silly currentTree ├── filename-regex@2.0.1
21 silly currentTree ├── fill-range@2.2.3
21 silly currentTree ├── finalhandler@0.5.0
21 silly currentTree ├── find-up@1.1.2
21 silly currentTree ├─┬ findup-sync@0.3.0
21 silly currentTree │ └── glob@5.0.15
21 silly currentTree ├── for-in@1.0.2
21 silly currentTree ├── for-own@0.1.5
21 silly currentTree ├── forever-agent@0.6.1
21 silly currentTree ├─┬ form-data@1.0.1
21 silly currentTree │ ├── async@2.1.2
21 silly currentTree │ └── lodash@4.17.2
21 silly currentTree ├── formidable@1.0.17
21 silly currentTree ├── fresh@0.3.0
21 silly currentTree ├─┬ fs-extra@3.0.1
21 silly currentTree │ └── jsonfile@3.0.1
21 silly currentTree ├── fs.realpath@1.0.0
21 silly currentTree ├─┬ fsevents@1.1.2
21 silly currentTree │ ├── abbrev@1.1.0
21 silly currentTree │ ├── ajv@4.11.8
21 silly currentTree │ ├── ansi-regex@2.1.1
21 silly currentTree │ ├── aproba@1.1.1
21 silly currentTree │ ├── are-we-there-yet@1.1.4
21 silly currentTree │ ├── asn1@0.2.3
21 silly currentTree │ ├── assert-plus@0.2.0
21 silly currentTree │ ├── asynckit@0.4.0
21 silly currentTree │ ├── aws-sign2@0.6.0
21 silly currentTree │ ├── aws4@1.6.0
21 silly currentTree │ ├── balanced-match@0.4.2
21 silly currentTree │ ├── bcrypt-pbkdf@1.0.1
21 silly currentTree │ ├── block-stream@0.0.9
21 silly currentTree │ ├── boom@2.10.1
21 silly currentTree │ ├── brace-expansion@1.1.7
21 silly currentTree │ ├── buffer-shims@1.0.0
21 silly currentTree │ ├── caseless@0.12.0
21 silly currentTree │ ├── co@4.6.0
21 silly currentTree │ ├── code-point-at@1.1.0
21 silly currentTree │ ├── combined-stream@1.0.5
21 silly currentTree │ ├── concat-map@0.0.1
21 silly currentTree │ ├── console-control-strings@1.1.0
21 silly currentTree │ ├── core-util-is@1.0.2
21 silly currentTree │ ├── cryptiles@2.0.5
21 silly currentTree │ ├─┬ dashdash@1.14.1
21 silly currentTree │ │ └── assert-plus@1.0.0
21 silly currentTree │ ├── debug@2.6.8
21 silly currentTree │ ├── deep-extend@0.4.2
21 silly currentTree │ ├── delayed-stream@1.0.0
21 silly currentTree │ ├── delegates@1.0.0
21 silly currentTree │ ├── ecc-jsbn@0.1.1
21 silly currentTree │ ├── extend@3.0.1
21 silly currentTree │ ├── extsprintf@1.0.2
21 silly currentTree │ ├── forever-agent@0.6.1
21 silly currentTree │ ├── form-data@2.1.4
21 silly currentTree │ ├── fs.realpath@1.0.0
21 silly currentTree │ ├── fstream-ignore@1.0.5
21 silly currentTree │ ├── fstream@1.0.11
21 silly currentTree │ ├── gauge@2.7.4
21 silly currentTree │ ├─┬ getpass@0.1.7
21 silly currentTree │ │ └── assert-plus@1.0.0
21 silly currentTree │ ├── glob@7.1.2
21 silly currentTree │ ├── graceful-fs@4.1.11
21 silly currentTree │ ├── har-schema@1.0.5
21 silly currentTree │ ├── har-validator@4.2.1
21 silly currentTree │ ├── has-unicode@2.0.1
21 silly currentTree │ ├── hawk@3.1.3
21 silly currentTree │ ├── hoek@2.16.3
21 silly currentTree │ ├── http-signature@1.1.1
21 silly currentTree │ ├── inflight@1.0.6
21 silly currentTree │ ├── inherits@2.0.3
21 silly currentTree │ ├── ini@1.3.4
21 silly currentTree │ ├── is-fullwidth-code-point@1.0.0
21 silly currentTree │ ├── is-typedarray@1.0.0
21 silly currentTree │ ├── isarray@1.0.0
21 silly currentTree │ ├── isstream@0.1.2
21 silly currentTree │ ├── jodid25519@1.0.2
21 silly currentTree │ ├── jsbn@0.1.1
21 silly currentTree │ ├── json-schema@0.2.3
21 silly currentTree │ ├── json-stable-stringify@1.0.1
21 silly currentTree │ ├── json-stringify-safe@5.0.1
21 silly currentTree │ ├── jsonify@0.0.0
21 silly currentTree │ ├─┬ jsprim@1.4.0
21 silly currentTree │ │ └── assert-plus@1.0.0
21 silly currentTree │ ├── mime-db@1.27.0
21 silly currentTree │ ├── mime-types@2.1.15
21 silly currentTree │ ├── minimatch@3.0.4
21 silly currentTree │ ├── minimist@0.0.8
21 silly currentTree │ ├── mkdirp@0.5.1
21 silly currentTree │ ├── ms@2.0.0
21 silly currentTree │ ├── node-pre-gyp@0.6.36
21 silly currentTree │ ├── nopt@4.0.1
21 silly currentTree │ ├── npmlog@4.1.0
21 silly currentTree │ ├── number-is-nan@1.0.1
21 silly currentTree │ ├── oauth-sign@0.8.2
21 silly currentTree │ ├── object-assign@4.1.1
21 silly currentTree │ ├── once@1.4.0
21 silly currentTree │ ├── os-homedir@1.0.2
21 silly currentTree │ ├── os-tmpdir@1.0.2
21 silly currentTree │ ├── osenv@0.1.4
21 silly currentTree │ ├── path-is-absolute@1.0.1
21 silly currentTree │ ├── performance-now@0.2.0
21 silly currentTree │ ├── process-nextick-args@1.0.7
21 silly currentTree │ ├── punycode@1.4.1
21 silly currentTree │ ├── qs@6.4.0
21 silly currentTree │ ├─┬ rc@1.2.1
21 silly currentTree │ │ └── minimist@1.2.0
21 silly currentTree │ ├── readable-stream@2.2.9
21 silly currentTree │ ├── request@2.81.0
21 silly currentTree │ ├── rimraf@2.6.1
21 silly currentTree │ ├── safe-buffer@5.0.1
21 silly currentTree │ ├── semver@5.3.0
21 silly currentTree │ ├── set-blocking@2.0.0
21 silly currentTree │ ├── signal-exit@3.0.2
21 silly currentTree │ ├── sntp@1.0.9
21 silly currentTree │ ├─┬ sshpk@1.13.0
21 silly currentTree │ │ └── assert-plus@1.0.0
21 silly currentTree │ ├── string_decoder@1.0.1
21 silly currentTree │ ├── string-width@1.0.2
21 silly currentTree │ ├── stringstream@0.0.5
21 silly currentTree │ ├── strip-ansi@3.0.1
21 silly currentTree │ ├── strip-json-comments@2.0.1
21 silly currentTree │ ├── tar-pack@3.4.0
21 silly currentTree │ ├── tar@2.2.1
21 silly currentTree │ ├── tough-cookie@2.3.2
21 silly currentTree │ ├── tunnel-agent@0.6.0
21 silly currentTree │ ├── tweetnacl@0.14.5
21 silly currentTree │ ├── uid-number@0.0.6
21 silly currentTree │ ├── util-deprecate@1.0.2
21 silly currentTree │ ├── uuid@3.0.1
21 silly currentTree │ ├── verror@1.3.6
21 silly currentTree │ ├── wide-align@1.1.2
21 silly currentTree │ └── wrappy@1.0.2
21 silly currentTree ├── fstream@1.0.10
21 silly currentTree ├── gauge@2.7.4
21 silly currentTree ├── gaze@1.1.2
21 silly currentTree ├── generate-function@2.0.0
21 silly currentTree ├── generate-object-property@1.2.0
21 silly currentTree ├── get-caller-file@1.0.2
21 silly currentTree ├── get-stdin@4.0.1
21 silly currentTree ├── getobject@0.1.0
21 silly currentTree ├─┬ getpass@0.1.7
21 silly currentTree │ └── assert-plus@1.0.0
21 silly currentTree ├── glob-base@0.3.0
21 silly currentTree ├── glob-parent@2.0.0
21 silly currentTree ├── glob@7.1.1
21 silly currentTree ├── globals@9.18.0
21 silly currentTree ├─┬ globule@1.1.0
21 silly currentTree │ └── lodash@4.16.6
21 silly currentTree ├── graceful-fs@4.1.10
21 silly currentTree ├── graceful-readlink@1.0.1
21 silly currentTree ├── grunt-babel@6.0.0
21 silly currentTree ├── grunt-banner@0.6.0
21 silly currentTree ├── grunt-browser-sync@2.2.0
21 silly currentTree ├── grunt-concurrent@2.3.1
21 silly currentTree ├── grunt-contrib-clean@1.1.0
21 silly currentTree ├── grunt-contrib-compress@1.4.3
21 silly currentTree ├── grunt-contrib-concat@1.0.1
21 silly currentTree ├── grunt-contrib-copy@1.0.0
21 silly currentTree ├── grunt-contrib-jade@1.0.0
21 silly currentTree ├─┬ grunt-contrib-jasmine@1.1.0
21 silly currentTree │ └── lodash@2.4.2
21 silly currentTree ├─┬ grunt-contrib-uglify@3.0.1
21 silly currentTree │ ├── commander@2.11.0
21 silly currentTree │ └── uglify-js@3.0.28
21 silly currentTree ├─┬ grunt-contrib-watch@1.0.0
21 silly currentTree │ └── lodash@3.10.1
21 silly currentTree ├── grunt-known-options@1.1.0
21 silly currentTree ├─┬ grunt-legacy-log-utils@1.0.0
21 silly currentTree │ └── lodash@4.3.0
21 silly currentTree ├─┬ grunt-legacy-log@1.0.0
21 silly currentTree │ └── lodash@3.10.1
21 silly currentTree ├─┬ grunt-legacy-util@1.0.0
21 silly currentTree │ └── lodash@4.3.0
21 silly currentTree ├── grunt-lib-phantomjs@1.1.0
21 silly currentTree ├── grunt-notify@0.4.5
21 silly currentTree ├─┬ grunt-postcss@0.8.0
21 silly currentTree │ ├── has-flag@1.0.0
21 silly currentTree │ ├── postcss@5.2.17
21 silly currentTree │ └── supports-color@3.2.3
21 silly currentTree ├── grunt-remove-logging@0.2.0
21 silly currentTree ├── grunt-rename-util@1.0.0
21 silly currentTree ├── grunt-sass@2.0.0
21 silly currentTree ├── grunt-text-replace@0.4.0
21 silly currentTree ├─┬ grunt@1.0.1
21 silly currentTree │ ├── glob@7.0.6
21 silly currentTree │ ├── grunt-cli@1.2.0
21 silly currentTree │ └── rimraf@2.2.8
21 silly currentTree ├── gzip-size@1.0.0
21 silly currentTree ├── hammerjs@2.0.8
21 silly currentTree ├── har-schema@1.0.5
21 silly currentTree ├── har-validator@2.0.6
21 silly currentTree ├── has-ansi@2.0.0
21 silly currentTree ├─┬ has-binary@0.1.7
21 silly currentTree │ └── isarray@0.0.1
21 silly currentTree ├── has-cors@1.1.0
21 silly currentTree ├── has-flag@2.0.0
21 silly currentTree ├── has-unicode@2.0.1
21 silly currentTree ├── hasha@2.2.0
21 silly currentTree ├── hawk@3.1.3
21 silly currentTree ├── hoek@2.16.3
21 silly currentTree ├── home-or-tmp@2.0.0
21 silly currentTree ├── hooker@0.2.3
21 silly currentTree ├── hosted-git-info@2.1.5
21 silly currentTree ├── http-errors@1.5.1
21 silly currentTree ├── http-proxy@1.15.2
21 silly currentTree ├── http-signature@0.11.0
21 silly currentTree ├── iconv-lite@0.4.18
21 silly currentTree ├─┬ iltorb@1.3.5
21 silly currentTree │ ├── abbrev@1.1.0
21 silly currentTree │ ├── ajv@4.11.8
21 silly currentTree │ ├── ansi-regex@2.1.1
21 silly currentTree │ ├── aproba@1.1.2
21 silly currentTree │ ├── are-we-there-yet@1.1.4
21 silly currentTree │ ├── asn1@0.2.3
21 silly currentTree │ ├── assert-plus@1.0.0
21 silly currentTree │ ├── asynckit@0.4.0
21 silly currentTree │ ├── aws-sign2@0.6.0
21 silly currentTree │ ├── aws4@1.6.0
21 silly currentTree │ ├── balanced-match@1.0.0
21 silly currentTree │ ├── bcrypt-pbkdf@1.0.1
21 silly currentTree │ ├── block-stream@0.0.9
21 silly currentTree │ ├── boom@2.10.1
21 silly currentTree │ ├── brace-expansion@1.1.8
21 silly currentTree │ ├── caseless@0.12.0
21 silly currentTree │ ├── co@4.6.0
21 silly currentTree │ ├── code-point-at@1.1.0
21 silly currentTree │ ├── combined-stream@1.0.5
21 silly currentTree │ ├── concat-map@0.0.1
21 silly currentTree │ ├── console-control-strings@1.1.0
21 silly currentTree │ ├── core-util-is@1.0.2
21 silly currentTree │ ├── cryptiles@2.0.5
21 silly currentTree │ ├── dashdash@1.14.1
21 silly currentTree │ ├── debug@2.6.0
21 silly currentTree │ ├── deep-extend@0.4.2
21 silly currentTree │ ├── delayed-stream@1.0.0
21 silly currentTree │ ├── delegates@1.0.0
21 silly currentTree │ ├── ecc-jsbn@0.1.1
21 silly currentTree │ ├── extend@3.0.1
21 silly currentTree │ ├── extsprintf@1.0.2
21 silly currentTree │ ├── forever-agent@0.6.1
21 silly currentTree │ ├── form-data@2.1.4
21 silly currentTree │ ├── fs.realpath@1.0.0
21 silly currentTree │ ├── fstream-ignore@1.0.5
21 silly currentTree │ ├── fstream@1.0.11
21 silly currentTree │ ├── gauge@2.7.4
21 silly currentTree │ ├── getpass@0.1.7
21 silly currentTree │ ├── glob@7.1.1
21 silly currentTree │ ├── graceful-fs@4.1.11
21 silly currentTree │ ├── har-schema@1.0.5
21 silly currentTree │ ├── har-validator@4.2.1
21 silly currentTree │ ├── has-unicode@2.0.1
21 silly currentTree │ ├── hawk@3.1.3
21 silly currentTree │ ├── hoek@2.16.3
21 silly currentTree │ ├─┬ http-signature@1.1.1
21 silly currentTree │ │ └── assert-plus@0.2.0
21 silly currentTree │ ├── inflight@1.0.6
21 silly currentTree │ ├── inherits@2.0.3
21 silly currentTree │ ├── ini@1.3.4
21 silly currentTree │ ├── is-fullwidth-code-point@1.0.0
21 silly currentTree │ ├── is-typedarray@1.0.0
21 silly currentTree │ ├── isarray@1.0.0
21 silly currentTree │ ├── isstream@0.1.2
21 silly currentTree │ ├── jsbn@0.1.1
21 silly currentTree │ ├── json-schema@0.2.3
21 silly currentTree │ ├── json-stable-stringify@1.0.1
21 silly currentTree │ ├── json-stringify-safe@5.0.1
21 silly currentTree │ ├── jsonify@0.0.0
21 silly currentTree │ ├── jsprim@1.4.0
21 silly currentTree │ ├── mime-db@1.27.0
21 silly currentTree │ ├── mime-types@2.1.15
21 silly currentTree │ ├── minimatch@3.0.4
21 silly currentTree │ ├── minimist@0.0.8
21 silly currentTree │ ├── mkdirp@0.5.1
21 silly currentTree │ ├── ms@0.7.2
21 silly currentTree │ ├── nan@2.6.2
21 silly currentTree │ ├── node-pre-gyp@0.6.36
21 silly currentTree │ ├── nopt@4.0.1
21 silly currentTree │ ├── npmlog@4.1.0
21 silly currentTree │ ├── number-is-nan@1.0.1
21 silly currentTree │ ├── oauth-sign@0.8.2
21 silly currentTree │ ├── object-assign@4.1.1
21 silly currentTree │ ├── once@1.4.0
21 silly currentTree │ ├── os-homedir@1.0.2
21 silly currentTree │ ├── os-tmpdir@1.0.2
21 silly currentTree │ ├── osenv@0.1.4
21 silly currentTree │ ├── path-is-absolute@1.0.1
21 silly currentTree │ ├── performance-now@0.2.0
21 silly currentTree │ ├── process-nextick-args@1.0.7
21 silly currentTree │ ├── qs@6.4.0
21 silly currentTree │ ├─┬ rc@1.2.1
21 silly currentTree │ │ └── minimist@1.2.0
21 silly currentTree │ ├── readable-stream@2.3.1
21 silly currentTree │ ├── request@2.81.0
21 silly currentTree │ ├── rimraf@2.6.1
21 silly currentTree │ ├── safe-buffer@5.1.1
21 silly currentTree │ ├── semver@5.3.0
21 silly currentTree │ ├── set-blocking@2.0.0
21 silly currentTree │ ├── signal-exit@3.0.2
21 silly currentTree │ ├── sntp@1.0.9
21 silly currentTree │ ├── sshpk@1.13.1
21 silly currentTree │ ├─┬ string_decoder@1.0.2
21 silly currentTree │ │ └── safe-buffer@5.0.1
21 silly currentTree │ ├── string-width@1.0.2
21 silly currentTree │ ├── stringstream@0.0.5
21 silly currentTree │ ├── strip-ansi@3.0.1
21 silly currentTree │ ├── strip-json-comments@2.0.1
21 silly currentTree │ ├── tar-pack@3.4.0
21 silly currentTree │ ├── tar@2.2.1
21 silly currentTree │ ├─┬ tough-cookie@2.3.2
21 silly currentTree │ │ └── punycode@1.4.1
21 silly currentTree │ ├── tunnel-agent@0.6.0
21 silly currentTree │ ├── tweetnacl@0.14.5
21 silly currentTree │ ├── uid-number@0.0.6
21 silly currentTree │ ├── util-deprecate@1.0.2
21 silly currentTree │ ├── uuid@3.0.1
21 silly currentTree │ ├── verror@1.3.6
21 silly currentTree │ ├── wide-align@1.1.2
21 silly currentTree │ └── wrappy@1.0.2
21 silly currentTree ├── immutable@3.8.1
21 silly currentTree ├── in-publish@2.0.0
21 silly currentTree ├── indent-string@2.1.0
21 silly currentTree ├── indexof@0.0.1
21 silly currentTree ├── inflight@1.0.6
21 silly currentTree ├── inherits@2.0.3
21 silly currentTree ├── invariant@2.2.2
21 silly currentTree ├── invert-kv@1.0.0
21 silly currentTree ├── is-arrayish@0.2.1
21 silly currentTree ├── is-binary-path@1.0.1
21 silly currentTree ├── is-buffer@1.1.5
21 silly currentTree ├── is-builtin-module@1.0.0
21 silly currentTree ├── is-dotfile@1.0.3
21 silly currentTree ├── is-equal-shallow@0.1.3
21 silly currentTree ├── is-extendable@0.1.1
21 silly currentTree ├── is-extglob@1.0.0
21 silly currentTree ├── is-finite@1.0.2
21 silly currentTree ├── is-fullwidth-code-point@1.0.0
21 silly currentTree ├── is-glob@2.0.1
21 silly currentTree ├── is-my-json-valid@2.15.0
21 silly currentTree ├── is-number-like@1.0.8
21 silly currentTree ├── is-number@2.1.0
21 silly currentTree ├── is-posix-bracket@0.1.1
21 silly currentTree ├── is-primitive@2.0.0
21 silly currentTree ├── is-promise@2.1.0
21 silly currentTree ├── is-property@1.0.2
21 silly currentTree ├── is-stream@1.1.0
21 silly currentTree ├── is-typedarray@1.0.0
21 silly currentTree ├── is-utf8@0.2.1
21 silly currentTree ├── isarray@1.0.0
21 silly currentTree ├── isobject@2.1.0
21 silly currentTree ├── isstream@0.1.2
21 silly currentTree ├─┬ jade@1.11.0
21 silly currentTree │ └── commander@2.6.0
21 silly currentTree ├── jasmine-core@2.4.1
21 silly currentTree ├── jasmine-jquery@2.1.1
21 silly currentTree ├─┬ jasmine@2.8.0
21 silly currentTree │ └── jasmine-core@2.8.0
21 silly currentTree ├── jodid25519@1.0.2
21 silly currentTree ├── jquery@3.2.1
21 silly currentTree ├── js-base64@2.1.9
21 silly currentTree ├── js-tokens@3.0.2
21 silly currentTree ├── js-yaml@3.5.5
21 silly currentTree ├── jsbn@0.1.1
21 silly currentTree ├── jsesc@0.5.0
21 silly currentTree ├── json-schema@0.2.3
21 silly currentTree ├── json-stable-stringify@1.0.1
21 silly currentTree ├── json-stringify-safe@5.0.1
21 silly currentTree ├── json3@3.3.2
21 silly currentTree ├── json5@0.5.1
21 silly currentTree ├── jsonfile@2.4.0
21 silly currentTree ├── jsonify@0.0.0
21 silly currentTree ├── jsonpointer@4.0.0
21 silly currentTree ├─┬ jsprim@1.4.0
21 silly currentTree │ └── assert-plus@1.0.0
21 silly currentTree ├── jstransformer@0.0.2
21 silly currentTree ├── kew@0.7.0
21 silly currentTree ├── kind-of@3.2.2
21 silly currentTree ├── klaw@1.3.1
21 silly currentTree ├── lazy-cache@1.0.4
21 silly currentTree ├── lazystream@1.0.0
21 silly currentTree ├── lcid@1.0.0
21 silly currentTree ├── limiter@1.1.2
21 silly currentTree ├── livereload-js@2.2.2
21 silly currentTree ├── load-json-file@1.1.0
21 silly currentTree ├─┬ localtunnel@1.8.3
21 silly currentTree │ ├── assert-plus@0.2.0
21 silly currentTree │ ├── caseless@0.12.0
21 silly currentTree │ ├── debug@2.6.8
21 silly currentTree │ ├── form-data@2.1.4
21 silly currentTree │ ├── har-validator@4.2.1
21 silly currentTree │ ├── http-signature@1.1.1
21 silly currentTree │ ├── ms@2.0.0
21 silly currentTree │ ├── qs@6.4.0
21 silly currentTree │ ├── request@2.81.0
21 silly currentTree │ ├── tough-cookie@2.3.2
21 silly currentTree │ ├── tunnel-agent@0.6.0
21 silly currentTree │ ├── uuid@3.1.0
21 silly currentTree │ └── yargs@3.29.0
21 silly currentTree ├── lodash.assign@4.2.0
21 silly currentTree ├── lodash.clonedeep@4.5.0
21 silly currentTree ├── lodash.isfinite@3.3.2
21 silly currentTree ├── lodash.mergewith@4.6.0
21 silly currentTree ├── lodash@4.17.4
21 silly currentTree ├── longest@1.0.1
21 silly currentTree ├── loose-envify@1.3.1
21 silly currentTree ├── loud-rejection@1.6.0
21 silly currentTree ├── lru-cache@4.0.2
21 silly currentTree ├── map-obj@1.0.1
21 silly currentTree ├─┬ maxmin@1.1.0
21 silly currentTree │ └── pretty-bytes@1.0.4
21 silly currentTree ├── media-typer@0.3.0
21 silly currentTree ├─┬ meow@3.7.0
21 silly currentTree │ └── minimist@1.2.0
21 silly currentTree ├── micromatch@2.3.11
21 silly currentTree ├── mime-db@1.25.0
21 silly currentTree ├── mime-types@2.1.13
21 silly currentTree ├── mime@1.2.4
21 silly currentTree ├── minimatch@3.0.3
21 silly currentTree ├── minimist@0.0.8
21 silly currentTree ├── mkdirp@0.5.1
21 silly currentTree ├── ms@0.7.1
21 silly currentTree ├── nan@2.4.0
21 silly currentTree ├── negotiator@0.6.1
21 silly currentTree ├── node-archiver@0.3.0
21 silly currentTree ├── node-gyp@3.6.1
21 silly currentTree ├─┬ node-sass@4.5.2
21 silly currentTree │ ├── assert-plus@0.2.0
21 silly currentTree │ ├── caseless@0.12.0
21 silly currentTree │ ├── form-data@2.1.4
21 silly currentTree │ ├── har-validator@4.2.1
21 silly currentTree │ ├── http-signature@1.1.1
21 silly currentTree │ ├── qs@6.4.0
21 silly currentTree │ ├── request@2.81.0
21 silly currentTree │ ├── tough-cookie@2.3.2
21 silly currentTree │ ├── tunnel-agent@0.6.0
21 silly currentTree │ └── uuid@3.0.1
21 silly currentTree ├── node-uuid@1.4.7
21 silly currentTree ├── nopt@3.0.6
21 silly currentTree ├── normalize-package-data@2.3.5
21 silly currentTree ├── normalize-path@2.1.1
21 silly currentTree ├── normalize-range@0.1.2
21 silly currentTree ├── npmlog@4.1.0
21 silly currentTree ├── num2fraction@1.2.2
21 silly currentTree ├── number-is-nan@1.0.1
21 silly currentTree ├── oauth-sign@0.8.2
21 silly currentTree ├── object-assign@4.1.0
21 silly currentTree ├── object-component@0.0.3
21 silly currentTree ├── object-path@0.9.2
21 silly currentTree ├── object.omit@2.0.1
21 silly currentTree ├── on-finished@2.3.0
21 silly currentTree ├── once@1.4.0
21 silly currentTree ├── onetime@1.1.0
21 silly currentTree ├── openurl@1.1.1
21 silly currentTree ├── opn@4.0.2
21 silly currentTree ├── optimist@0.3.7
21 silly currentTree ├── options@0.0.6
21 silly currentTree ├── os-homedir@1.0.2
21 silly currentTree ├── os-locale@1.4.0
21 silly currentTree ├── os-tmpdir@1.0.2
21 silly currentTree ├── osenv@0.1.4
21 silly currentTree ├── package@1.0.1
21 silly currentTree ├── pad-stream@1.2.0
21 silly currentTree ├── pako@0.2.9
21 silly currentTree ├── parse-glob@3.0.4
21 silly currentTree ├── parse-json@2.2.0
21 silly currentTree ├── parsejson@0.0.3
21 silly currentTree ├── parseqs@0.0.5
21 silly currentTree ├── parseuri@0.0.5
21 silly currentTree ├── parseurl@1.3.1
21 silly currentTree ├── path-exists@2.1.0
21 silly currentTree ├── path-is-absolute@1.0.1
21 silly currentTree ├── path-type@1.1.0
21 silly currentTree ├── pend@1.2.0
21 silly currentTree ├── performance-now@0.2.0
21 silly currentTree ├─┬ phantomjs-prebuilt@2.1.14
21 silly currentTree │ ├── assert-plus@0.2.0
21 silly currentTree │ ├── form-data@2.1.4
21 silly currentTree │ ├── fs-extra@1.0.0
21 silly currentTree │ ├── http-signature@1.1.1
21 silly currentTree │ ├── qs@6.3.2
21 silly currentTree │ ├── request@2.79.0
21 silly currentTree │ ├── tough-cookie@2.3.2
21 silly currentTree │ └── uuid@3.0.1
21 silly currentTree ├── pify@2.3.0
21 silly currentTree ├── pinkie-promise@2.0.1
21 silly currentTree ├── pinkie@2.0.4
21 silly currentTree ├── portscanner@2.1.1
21 silly currentTree ├── postcss-value-parser@3.3.0
21 silly currentTree ├─┬ postcss@6.0.10
21 silly currentTree │ ├── ansi-styles@3.2.0
21 silly currentTree │ ├── chalk@2.1.0
21 silly currentTree │ └── source-map@0.5.7
21 silly currentTree ├── preserve@0.2.0
21 silly currentTree ├── pretty-bytes@4.0.2
21 silly currentTree ├── private@0.1.7
21 silly currentTree ├── process-nextick-args@1.0.7
21 silly currentTree ├── progress@1.1.8
21 silly currentTree ├── promise@6.1.0
21 silly currentTree ├── pseudomap@1.0.2
21 silly currentTree ├── pump@1.0.2
21 silly currentTree ├── pumpify@1.3.5
21 silly currentTree ├── punycode@1.4.1
21 silly currentTree ├── qs@6.2.1
21 silly currentTree ├─┬ randomatic@1.1.7
21 silly currentTree │ ├─┬ is-number@3.0.0
21 silly currentTree │ │ └── kind-of@3.2.2
21 silly currentTree │ └── kind-of@4.0.0
21 silly currentTree ├── range-parser@1.2.0
21 silly currentTree ├─┬ raw-body@2.1.7
21 silly currentTree │ ├── bytes@2.4.0
21 silly currentTree │ └── iconv-lite@0.4.13
21 silly currentTree ├── read-pkg-up@1.0.1
21 silly currentTree ├── read-pkg@1.1.0
21 silly currentTree ├── readable-stream@2.2.2
21 silly currentTree ├── readdirp@2.1.0
21 silly currentTree ├── redent@1.0.0
21 silly currentTree ├── regenerate@1.3.2
21 silly currentTree ├── regenerator-runtime@0.10.5
21 silly currentTree ├── regenerator-transform@0.10.1
21 silly currentTree ├── regex-cache@0.4.3
21 silly currentTree ├── regexpu-core@2.0.0
21 silly currentTree ├── regjsgen@0.2.0
21 silly currentTree ├── regjsparser@0.1.5
21 silly currentTree ├── remove-trailing-separator@1.1.0
21 silly currentTree ├── repeat-element@1.1.2
21 silly currentTree ├── repeat-string@1.6.1
21 silly currentTree ├── repeating@2.0.1
21 silly currentTree ├── request-progress@2.0.1
21 silly currentTree ├─┬ request@2.65.0
21 silly currentTree │ └── qs@5.2.1
21 silly currentTree ├── require-directory@2.1.1
21 silly currentTree ├── require-main-filename@1.0.1
21 silly currentTree ├── requires-port@1.0.0
21 silly currentTree ├── resolve@1.1.7
21 silly currentTree ├── resp-modifier@6.0.2
21 silly currentTree ├── right-align@0.1.3
21 silly currentTree ├── rimraf@2.5.4
21 silly currentTree ├── rx@4.1.0
21 silly currentTree ├── safe-buffer@5.0.1
21 silly currentTree ├─┬ sass-graph@2.2.2
21 silly currentTree │ ├── camelcase@3.0.0
21 silly currentTree │ ├── lodash@4.17.4
21 silly currentTree │ ├── yargs-parser@4.2.1
21 silly currentTree │ └── yargs@6.6.0
21 silly currentTree ├─┬ scss-tokenizer@0.2.1
21 silly currentTree │ └── source-map@0.4.4
21 silly currentTree ├── semver@5.3.0
21 silly currentTree ├─┬ send@0.15.2
21 silly currentTree │ ├─┬ debug@2.6.4
21 silly currentTree │ │ └── ms@0.7.3
21 silly currentTree │ ├── fresh@0.5.0
21 silly currentTree │ ├── http-errors@1.6.2
21 silly currentTree │ ├── mime@1.3.4
21 silly currentTree │ ├── ms@1.0.0
21 silly currentTree │ └── setprototypeof@1.0.3
21 silly currentTree ├── serve-index@1.8.0
21 silly currentTree ├── serve-static@1.12.2
21 silly currentTree ├── server-destroy@1.0.1
21 silly currentTree ├── set-blocking@2.0.0
21 silly currentTree ├── set-immediate-shim@1.0.1
21 silly currentTree ├── setprototypeof@1.0.2
21 silly currentTree ├── signal-exit@3.0.1
21 silly currentTree ├── slash@1.0.0
21 silly currentTree ├── sntp@1.0.9
21 silly currentTree ├─┬ socket.io-adapter@0.5.0
21 silly currentTree │ ├── debug@2.3.3
21 silly currentTree │ └── ms@0.7.2
21 silly currentTree ├─┬ socket.io-client@1.6.0
21 silly currentTree │ ├── component-emitter@1.2.1
21 silly currentTree │ ├── debug@2.3.3
21 silly currentTree │ └── ms@0.7.2
21 silly currentTree ├─┬ socket.io-parser@2.3.1
21 silly currentTree │ └── isarray@0.0.1
21 silly currentTree ├─┬ socket.io@1.6.0
21 silly currentTree │ ├── debug@2.3.3
21 silly currentTree │ └── ms@0.7.2
21 silly currentTree ├── source-map-support@0.4.15
21 silly currentTree ├── source-map@0.5.6
21 silly currentTree ├── spdx-correct@1.0.2
21 silly currentTree ├── spdx-expression-parse@1.0.4
21 silly currentTree ├── spdx-license-ids@1.2.2
21 silly currentTree ├── split2@1.1.1
21 silly currentTree ├── sprintf-js@1.0.3
21 silly currentTree ├─┬ sshpk@1.13.0
21 silly currentTree │ ├── asn1@0.2.3
21 silly currentTree │ └── assert-plus@1.0.0
21 silly currentTree ├── stack-parser@0.0.1
21 silly currentTree ├── statuses@1.3.1
21 silly currentTree ├── stdout-stream@1.4.0
21 silly currentTree ├── stream-buffers@2.2.0
21 silly currentTree ├── stream-shift@1.0.0
21 silly currentTree ├── stream-throttle@0.1.3
21 silly currentTree ├── string_decoder@0.10.31
21 silly currentTree ├── string-width@1.0.2
21 silly currentTree ├── stringstream@0.0.5
21 silly currentTree ├── strip-ansi@3.0.1
21 silly currentTree ├── strip-bom@2.0.0
21 silly currentTree ├── strip-indent@1.0.1
21 silly currentTree ├── supports-color@4.2.1
21 silly currentTree ├── tar-stream@1.5.4
21 silly currentTree ├── tar@2.2.1
21 silly currentTree ├── temporary@0.0.8
21 silly currentTree ├── tfunk@3.1.0
21 silly currentTree ├── throttleit@1.0.0
21 silly currentTree ├── through2@2.0.3
21 silly currentTree ├─┬ tiny-lr@0.2.1
21 silly currentTree │ └── qs@5.1.0
21 silly currentTree ├── to-array@0.1.4
21 silly currentTree ├── to-fast-properties@1.0.3
21 silly currentTree ├── tough-cookie@2.2.2
21 silly currentTree ├─┬ transformers@2.1.0
21 silly currentTree │ ├── is-promise@1.0.1
21 silly currentTree │ ├── promise@2.0.0
21 silly currentTree │ ├── source-map@0.1.43
21 silly currentTree │ └── uglify-js@2.2.5
21 silly currentTree ├── trim-newlines@1.0.0
21 silly currentTree ├── trim-right@1.0.1
21 silly currentTree ├── tunnel-agent@0.4.3
21 silly currentTree ├── tweetnacl@0.14.5
21 silly currentTree ├─┬ type-is@1.6.15
21 silly currentTree │ ├── mime-db@1.29.0
21 silly currentTree │ └── mime-types@2.1.16
21 silly currentTree ├── typedarray@0.0.6
21 silly currentTree ├── ua-parser-js@0.7.12
21 silly currentTree ├─┬ uglify-js@2.8.29
21 silly currentTree │ ├── cliui@2.1.0
21 silly currentTree │ ├── window-size@0.1.0
21 silly currentTree │ ├── wordwrap@0.0.2
21 silly currentTree │ └── yargs@3.10.0
21 silly currentTree ├── uglify-to-browserify@1.0.2
21 silly currentTree ├── ultron@1.0.2
21 silly currentTree ├── underscore.string@3.2.3
21 silly currentTree ├── underscore@1.7.0
21 silly currentTree ├── universalify@0.1.1
21 silly currentTree ├── unpipe@1.0.0
21 silly currentTree ├── uri-path@1.0.0
21 silly currentTree ├── util-deprecate@1.0.2
21 silly currentTree ├── utils-merge@1.0.0
21 silly currentTree ├── validate-npm-package-license@3.0.1
21 silly currentTree ├── verror@1.3.6
21 silly currentTree ├── void-elements@2.0.1
21 silly currentTree ├── walkdir@0.0.11
21 silly currentTree ├── websocket-driver@0.6.5
21 silly currentTree ├── websocket-extensions@0.1.1
21 silly currentTree ├── weinre@2.0.0-pre-I0Z7U9OV
21 silly currentTree ├── which-module@1.0.0
21 silly currentTree ├─┬ which@1.2.14
21 silly currentTree │ └── isexe@2.0.0
21 silly currentTree ├── wide-align@1.1.2
21 silly currentTree ├── window-size@0.1.4
21 silly currentTree ├─┬ with@4.0.3
21 silly currentTree │ └── acorn@1.2.2
21 silly currentTree ├── wordwrap@0.0.3
21 silly currentTree ├── wrap-ansi@2.0.0
21 silly currentTree ├── wrappy@1.0.2
21 silly currentTree ├── ws@1.1.1
21 silly currentTree ├── wtf-8@1.0.0
21 silly currentTree ├── xmlhttprequest-ssl@1.5.3
21 silly currentTree ├── xtend@4.0.1
21 silly currentTree ├── y18n@3.2.1
21 silly currentTree ├── yallist@2.1.2
21 silly currentTree ├─┬ yargs-parser@4.2.1
21 silly currentTree │ └── camelcase@3.0.0
21 silly currentTree ├─┬ yargs@6.4.0
21 silly currentTree │ ├── camelcase@3.0.0
21 silly currentTree │ └── window-size@0.2.0
21 silly currentTree ├── yauzl@2.4.1
21 silly currentTree ├── yeast@0.1.2
21 silly currentTree └── zip-stream@1.2.0
22 silly idealTree materialize-css@1.0.0-alpha.1
22 silly idealTree ├── abbrev@1.0.9
22 silly idealTree ├─┬ accepts@1.3.4
22 silly idealTree │ ├── mime-db@1.29.0
22 silly idealTree │ └── mime-types@2.1.16
22 silly idealTree ├── acorn-globals@1.0.9
22 silly idealTree ├── acorn@2.7.0
22 silly idealTree ├── after@0.8.1
22 silly idealTree ├── ajv@4.11.8
22 silly idealTree ├── align-text@0.1.4
22 silly idealTree ├── amdefine@1.0.1
22 silly idealTree ├── ansi-regex@2.0.0
22 silly idealTree ├── ansi-styles@2.2.1
22 silly idealTree ├── anymatch@1.3.2
22 silly idealTree ├── aproba@1.1.1
22 silly idealTree ├── archiver-utils@1.3.0
22 silly idealTree ├─┬ archiver@1.3.0
22 silly idealTree │ └── async@2.5.0
22 silly idealTree ├── are-we-there-yet@1.1.4
22 silly idealTree ├── argparse@1.0.9
22 silly idealTree ├── arr-diff@2.0.0
22 silly idealTree ├── arr-flatten@1.1.0
22 silly idealTree ├── array-find-index@1.0.2
22 silly idealTree ├── array-unique@0.2.1
22 silly idealTree ├── arraybuffer.slice@0.0.6
22 silly idealTree ├── arrify@1.0.1
22 silly idealTree ├── asap@1.0.0
22 silly idealTree ├── asn1@0.1.11
22 silly idealTree ├── assert-plus@0.1.5
22 silly idealTree ├── async-each-series@0.1.1
22 silly idealTree ├── async-each@1.0.1
22 silly idealTree ├── async-foreach@0.1.3
22 silly idealTree ├── async@1.5.2
22 silly idealTree ├── asynckit@0.4.0
22 silly idealTree ├── autoprefixer@7.1.3
22 silly idealTree ├── aws-sign2@0.6.0
22 silly idealTree ├── aws4@1.6.0
22 silly idealTree ├── babel-code-frame@6.22.0
22 silly idealTree ├─┬ babel-core@6.25.0
22 silly idealTree │ └── lodash@4.17.4
22 silly idealTree ├─┬ babel-generator@6.25.0
22 silly idealTree │ ├── jsesc@1.3.0
22 silly idealTree │ └── lodash@4.17.4
22 silly idealTree ├── babel-helper-call-delegate@6.24.1
22 silly idealTree ├─┬ babel-helper-define-map@6.26.0
22 silly idealTree │ ├── babel-runtime@6.26.0
22 silly idealTree │ ├── babel-types@6.26.0
22 silly idealTree │ └── regenerator-runtime@0.11.0
22 silly idealTree ├── babel-helper-function-name@6.24.1
22 silly idealTree ├── babel-helper-get-function-arity@6.24.1
22 silly idealTree ├── babel-helper-hoist-variables@6.24.1
22 silly idealTree ├── babel-helper-optimise-call-expression@6.24.1
22 silly idealTree ├─┬ babel-helper-regex@6.26.0
22 silly idealTree │ ├── babel-runtime@6.26.0
22 silly idealTree │ ├── babel-types@6.26.0
22 silly idealTree │ └── regenerator-runtime@0.11.0
22 silly idealTree ├── babel-helper-replace-supers@6.24.1
22 silly idealTree ├── babel-helpers@6.24.1
22 silly idealTree ├── babel-messages@6.23.0
22 silly idealTree ├── babel-plugin-check-es2015-constants@6.22.0
22 silly idealTree ├── babel-plugin-transform-es2015-arrow-functions@6.22.0
22 silly idealTree ├── babel-plugin-transform-es2015-block-scoped-functions@6.22.0
22 silly idealTree ├─┬ babel-plugin-transform-es2015-block-scoping@6.26.0
22 silly idealTree │ ├── babel-code-frame@6.26.0
22 silly idealTree │ ├── babel-runtime@6.26.0
22 silly idealTree │ ├── babel-template@6.26.0
22 silly idealTree │ ├── babel-traverse@6.26.0
22 silly idealTree │ ├── babel-types@6.26.0
22 silly idealTree │ ├── babylon@6.18.0
22 silly idealTree │ ├── debug@2.6.8
22 silly idealTree │ ├── ms@2.0.0
22 silly idealTree │ └── regenerator-runtime@0.11.0
22 silly idealTree ├── babel-plugin-transform-es2015-classes@6.24.1
22 silly idealTree ├── babel-plugin-transform-es2015-computed-properties@6.24.1
22 silly idealTree ├── babel-plugin-transform-es2015-destructuring@6.23.0
22 silly idealTree ├── babel-plugin-transform-es2015-duplicate-keys@6.24.1
22 silly idealTree ├── babel-plugin-transform-es2015-for-of@6.23.0
22 silly idealTree ├── babel-plugin-transform-es2015-function-name@6.24.1
22 silly idealTree ├── babel-plugin-transform-es2015-literals@6.22.0
22 silly idealTree ├── babel-plugin-transform-es2015-modules-amd@6.24.1
22 silly idealTree ├─┬ babel-plugin-transform-es2015-modules-commonjs@6.26.0
22 silly idealTree │ ├── babel-code-frame@6.26.0
22 silly idealTree │ ├── babel-runtime@6.26.0
22 silly idealTree │ ├── babel-template@6.26.0
22 silly idealTree │ ├── babel-traverse@6.26.0
22 silly idealTree │ ├── babel-types@6.26.0
22 silly idealTree │ ├── babylon@6.18.0
22 silly idealTree │ ├── debug@2.6.8
22 silly idealTree │ ├── ms@2.0.0
22 silly idealTree │ └── regenerator-runtime@0.11.0
22 silly idealTree ├── babel-plugin-transform-es2015-modules-systemjs@6.24.1
22 silly idealTree ├── babel-plugin-transform-es2015-modules-umd@6.24.1
22 silly idealTree ├── babel-plugin-transform-es2015-object-super@6.24.1
22 silly idealTree ├── babel-plugin-transform-es2015-parameters@6.24.1
22 silly idealTree ├── babel-plugin-transform-es2015-shorthand-properties@6.24.1
22 silly idealTree ├── babel-plugin-transform-es2015-spread@6.22.0
22 silly idealTree ├── babel-plugin-transform-es2015-sticky-regex@6.24.1
22 silly idealTree ├── babel-plugin-transform-es2015-template-literals@6.22.0
22 silly idealTree ├── babel-plugin-transform-es2015-typeof-symbol@6.23.0
22 silly idealTree ├── babel-plugin-transform-es2015-unicode-regex@6.24.1
22 silly idealTree ├── babel-plugin-transform-regenerator@6.26.0
22 silly idealTree ├── babel-plugin-transform-strict-mode@6.24.1
22 silly idealTree ├── babel-preset-es2015@6.24.1
22 silly idealTree ├─┬ babel-register@6.24.1
22 silly idealTree │ └── lodash@4.17.4
22 silly idealTree ├── babel-runtime@6.23.0
22 silly idealTree ├─┬ babel-template@6.25.0
22 silly idealTree │ └── lodash@4.17.4
22 silly idealTree ├─┬ babel-traverse@6.25.0
22 silly idealTree │ └── lodash@4.17.4
22 silly idealTree ├─┬ babel-types@6.25.0
22 silly idealTree │ └── lodash@4.17.4
22 silly idealTree ├── babylon@6.17.4
22 silly idealTree ├── backo2@1.0.2
22 silly idealTree ├── balanced-match@0.4.2
22 silly idealTree ├── base64-arraybuffer@0.1.5
22 silly idealTree ├── base64id@0.1.0
22 silly idealTree ├── batch@0.5.3
22 silly idealTree ├── bcrypt-pbkdf@1.0.1
22 silly idealTree ├── better-assert@1.0.2
22 silly idealTree ├── binary-extensions@1.10.0
22 silly idealTree ├─┬ bl@1.0.3
22 silly idealTree │ └── readable-stream@2.0.6
22 silly idealTree ├── blob@0.0.4
22 silly idealTree ├── block-stream@0.0.9
22 silly idealTree ├─┬ body-parser@1.14.2
22 silly idealTree │ ├── http-errors@1.3.1
22 silly idealTree │ ├── iconv-lite@0.4.13
22 silly idealTree │ └── qs@5.2.0
22 silly idealTree ├── boom@2.10.1
22 silly idealTree ├── brace-expansion@1.1.6
22 silly idealTree ├── braces@1.8.5
22 silly idealTree ├── browser-sync-client@2.5.1
22 silly idealTree ├── browser-sync-ui@0.6.3
22 silly idealTree ├── browser-sync@2.18.13
22 silly idealTree ├── browserify-zlib@0.1.4
22 silly idealTree ├── browserslist@2.4.0
22 silly idealTree ├── bs-recipes@1.3.4
22 silly idealTree ├── buffer-crc32@0.2.13
22 silly idealTree ├── buffer-shims@1.0.0
22 silly idealTree ├── builtin-modules@1.1.1
22 silly idealTree ├── bytes@2.2.0
22 silly idealTree ├── callsite@1.0.0
22 silly idealTree ├─┬ camelcase-keys@2.1.0
22 silly idealTree │ └── camelcase@2.1.1
22 silly idealTree ├── camelcase@1.2.1
22 silly idealTree ├── caniuse-lite@1.0.30000718
22 silly idealTree ├── caseless@0.11.0
22 silly idealTree ├── center-align@0.1.3
22 silly idealTree ├─┬ chalk@1.1.3
22 silly idealTree │ └── supports-color@2.0.0
22 silly idealTree ├── character-parser@1.2.1
22 silly idealTree ├── chokidar@1.7.0
22 silly idealTree ├─┬ clean-css@3.4.28
22 silly idealTree │ ├── commander@2.8.1
22 silly idealTree │ └── source-map@0.4.4
22 silly idealTree ├── cliui@3.2.0
22 silly idealTree ├── co@4.6.0
22 silly idealTree ├── code-point-at@1.1.0
22 silly idealTree ├── coffee-script@1.10.0
22 silly idealTree ├── color-convert@1.9.0
22 silly idealTree ├── color-name@1.1.3
22 silly idealTree ├── colors@1.1.2
22 silly idealTree ├── combined-stream@1.0.5
22 silly idealTree ├── commander@2.9.0
22 silly idealTree ├── component-bind@1.0.0
22 silly idealTree ├── component-emitter@1.1.2
22 silly idealTree ├── component-inherit@0.0.3
22 silly idealTree ├── compress-commons@1.2.0
22 silly idealTree ├── concat-map@0.0.1
22 silly idealTree ├── concat-stream@1.6.0
22 silly idealTree ├── connect-history-api-fallback@1.3.0
22 silly idealTree ├── connect@3.5.0
22 silly idealTree ├── console-control-strings@1.1.0
22 silly idealTree ├── constantinople@3.0.2
22 silly idealTree ├── content-type@1.0.2
22 silly idealTree ├── convert-source-map@1.5.0
22 silly idealTree ├── cookie@0.3.1
22 silly idealTree ├── core-js@2.4.1
22 silly idealTree ├── core-util-is@1.0.2
22 silly idealTree ├── crc@3.4.4
22 silly idealTree ├── crc32-stream@2.0.0
22 silly idealTree ├── cross-spawn@3.0.1
22 silly idealTree ├── cryptiles@2.0.5
22 silly idealTree ├── css-parse@1.0.4
22 silly idealTree ├── css-stringify@1.0.5
22 silly idealTree ├── css@1.0.8
22 silly idealTree ├── ctype@0.5.3
22 silly idealTree ├── currently-unhandled@0.4.1
22 silly idealTree ├─┬ dashdash@1.14.1
22 silly idealTree │ └── assert-plus@1.0.0
22 silly idealTree ├── dateformat@1.0.12
22 silly idealTree ├── debug@2.2.0
22 silly idealTree ├── decamelize@1.2.0
22 silly idealTree ├── delayed-stream@1.0.0
22 silly idealTree ├── delegates@1.0.0
22 silly idealTree ├── depd@1.1.1
22 silly idealTree ├── destroy@1.0.4
22 silly idealTree ├── detect-indent@4.0.0
22 silly idealTree ├── dev-ip@1.0.1
22 silly idealTree ├── diff@2.2.3
22 silly idealTree ├── duplexify@3.5.1
22 silly idealTree ├── each-async@1.1.1
22 silly idealTree ├─┬ easy-extender@2.3.2
22 silly idealTree │ └── lodash@3.10.1
22 silly idealTree ├── eazy-logger@3.0.2
22 silly idealTree ├── ecc-jsbn@0.1.1
22 silly idealTree ├── ee-first@1.1.1
22 silly idealTree ├── electron-to-chromium@1.3.18
22 silly idealTree ├── emitter-steward@1.0.0
22 silly idealTree ├── encodeurl@1.0.1
22 silly idealTree ├── end-of-stream@1.4.0
22 silly idealTree ├─┬ engine.io-client@1.8.0
22 silly idealTree │ ├── component-emitter@1.2.1
22 silly idealTree │ ├── debug@2.3.3
22 silly idealTree │ └── ms@0.7.2
22 silly idealTree ├─┬ engine.io-parser@1.3.1
22 silly idealTree │ ├── has-binary@0.1.6
22 silly idealTree │ └── isarray@0.0.1
22 silly idealTree ├─┬ engine.io@1.8.0
22 silly idealTree │ ├── accepts@1.3.3
22 silly idealTree │ ├── debug@2.3.3
22 silly idealTree │ └── ms@0.7.2
22 silly idealTree ├── error-ex@1.3.0
22 silly idealTree ├── es6-promise@4.0.5
22 silly idealTree ├── escape-html@1.0.3
22 silly idealTree ├── escape-string-regexp@1.0.5
22 silly idealTree ├── esprima@2.7.3
22 silly idealTree ├── esutils@2.0.2
22 silly idealTree ├── etag@1.8.0
22 silly idealTree ├── eventemitter2@0.4.14
22 silly idealTree ├── eventemitter3@1.2.0
22 silly idealTree ├── exit@0.1.2
22 silly idealTree ├── expand-brackets@0.1.5
22 silly idealTree ├── expand-range@1.8.2
22 silly idealTree ├─┬ express@2.5.11
22 silly idealTree │ ├── connect@1.9.2
22 silly idealTree │ ├── mkdirp@0.3.0
22 silly idealTree │ └── qs@0.4.2
22 silly idealTree ├── extend@3.0.0
22 silly idealTree ├── extglob@0.3.2
22 silly idealTree ├─┬ extract-zip@1.5.0
22 silly idealTree │ ├── concat-stream@1.5.0
22 silly idealTree │ ├── debug@0.7.4
22 silly idealTree │ ├── mkdirp@0.5.0
22 silly idealTree │ └── readable-stream@2.0.6
22 silly idealTree ├── extsprintf@1.0.2
22 silly idealTree ├── faye-websocket@0.10.0
22 silly idealTree ├── fd-slicer@1.0.1
22 silly idealTree ├── figures@1.7.0
22 silly idealTree ├── file-sync-cmp@0.1.1
22 silly idealTree ├── filename-regex@2.0.1
22 silly idealTree ├── fill-range@2.2.3
22 silly idealTree ├── finalhandler@0.5.0
22 silly idealTree ├── find-up@1.1.2
22 silly idealTree ├─┬ findup-sync@0.3.0
22 silly idealTree │ └── glob@5.0.15
22 silly idealTree ├── for-in@1.0.2
22 silly idealTree ├── for-own@0.1.5
22 silly idealTree ├── forever-agent@0.6.1
22 silly idealTree ├─┬ form-data@1.0.1
22 silly idealTree │ ├── async@2.1.2
22 silly idealTree │ └── lodash@4.17.2
22 silly idealTree ├── formidable@1.0.17
22 silly idealTree ├── fresh@0.3.0
22 silly idealTree ├─┬ fs-extra@3.0.1
22 silly idealTree │ └── jsonfile@3.0.1
22 silly idealTree ├── fs.realpath@1.0.0
22 silly idealTree ├─┬ fsevents@1.1.2
22 silly idealTree │ ├── abbrev@1.1.0
22 silly idealTree │ ├── ajv@4.11.8
22 silly idealTree │ ├── ansi-regex@2.1.1
22 silly idealTree │ ├── aproba@1.1.1
22 silly idealTree │ ├── are-we-there-yet@1.1.4
22 silly idealTree │ ├── asn1@0.2.3
22 silly idealTree │ ├── assert-plus@0.2.0
22 silly idealTree │ ├── asynckit@0.4.0
22 silly idealTree │ ├── aws-sign2@0.6.0
22 silly idealTree │ ├── aws4@1.6.0
22 silly idealTree │ ├── balanced-match@0.4.2
22 silly idealTree │ ├── bcrypt-pbkdf@1.0.1
22 silly idealTree │ ├── block-stream@0.0.9
22 silly idealTree │ ├── boom@2.10.1
22 silly idealTree │ ├── brace-expansion@1.1.7
22 silly idealTree │ ├── buffer-shims@1.0.0
22 silly idealTree │ ├── caseless@0.12.0
22 silly idealTree │ ├── co@4.6.0
22 silly idealTree │ ├── code-point-at@1.1.0
22 silly idealTree │ ├── combined-stream@1.0.5
22 silly idealTree │ ├── concat-map@0.0.1
22 silly idealTree │ ├── console-control-strings@1.1.0
22 silly idealTree │ ├── core-util-is@1.0.2
22 silly idealTree │ ├── cryptiles@2.0.5
22 silly idealTree │ ├─┬ dashdash@1.14.1
22 silly idealTree │ │ └── assert-plus@1.0.0
22 silly idealTree │ ├── debug@2.6.8
22 silly idealTree │ ├── deep-extend@0.4.2
22 silly idealTree │ ├── delayed-stream@1.0.0
22 silly idealTree │ ├── delegates@1.0.0
22 silly idealTree │ ├── ecc-jsbn@0.1.1
22 silly idealTree │ ├── extend@3.0.1
22 silly idealTree │ ├── extsprintf@1.0.2
22 silly idealTree │ ├── forever-agent@0.6.1
22 silly idealTree │ ├── form-data@2.1.4
22 silly idealTree │ ├── fs.realpath@1.0.0
22 silly idealTree │ ├── fstream-ignore@1.0.5
22 silly idealTree │ ├── fstream@1.0.11
22 silly idealTree │ ├── gauge@2.7.4
22 silly idealTree │ ├─┬ getpass@0.1.7
22 silly idealTree │ │ └── assert-plus@1.0.0
22 silly idealTree │ ├── glob@7.1.2
22 silly idealTree │ ├── graceful-fs@4.1.11
22 silly idealTree │ ├── har-schema@1.0.5
22 silly idealTree │ ├── har-validator@4.2.1
22 silly idealTree │ ├── has-unicode@2.0.1
22 silly idealTree │ ├── hawk@3.1.3
22 silly idealTree │ ├── hoek@2.16.3
22 silly idealTree │ ├── http-signature@1.1.1
22 silly idealTree │ ├── inflight@1.0.6
22 silly idealTree │ ├── inherits@2.0.3
22 silly idealTree │ ├── ini@1.3.4
22 silly idealTree │ ├── is-fullwidth-code-point@1.0.0
22 silly idealTree │ ├── is-typedarray@1.0.0
22 silly idealTree │ ├── isarray@1.0.0
22 silly idealTree │ ├── isstream@0.1.2
22 silly idealTree │ ├── jodid25519@1.0.2
22 silly idealTree │ ├── jsbn@0.1.1
22 silly idealTree │ ├── json-schema@0.2.3
22 silly idealTree │ ├── json-stable-stringify@1.0.1
22 silly idealTree │ ├── json-stringify-safe@5.0.1
22 silly idealTree │ ├── jsonify@0.0.0
22 silly idealTree │ ├─┬ jsprim@1.4.0
22 silly idealTree │ │ └── assert-plus@1.0.0
22 silly idealTree │ ├── mime-db@1.27.0
22 silly idealTree │ ├── mime-types@2.1.15
22 silly idealTree │ ├── minimatch@3.0.4
22 silly idealTree │ ├── minimist@0.0.8
22 silly idealTree │ ├── mkdirp@0.5.1
22 silly idealTree │ ├── ms@2.0.0
22 silly idealTree │ ├── node-pre-gyp@0.6.36
22 silly idealTree │ ├── nopt@4.0.1
22 silly idealTree │ ├── npmlog@4.1.0
22 silly idealTree │ ├── number-is-nan@1.0.1
22 silly idealTree │ ├── oauth-sign@0.8.2
22 silly idealTree │ ├── object-assign@4.1.1
22 silly idealTree │ ├── once@1.4.0
22 silly idealTree │ ├── os-homedir@1.0.2
22 silly idealTree │ ├── os-tmpdir@1.0.2
22 silly idealTree │ ├── osenv@0.1.4
22 silly idealTree │ ├── path-is-absolute@1.0.1
22 silly idealTree │ ├── performance-now@0.2.0
22 silly idealTree │ ├── process-nextick-args@1.0.7
22 silly idealTree │ ├── punycode@1.4.1
22 silly idealTree │ ├── qs@6.4.0
22 silly idealTree │ ├─┬ rc@1.2.1
22 silly idealTree │ │ └── minimist@1.2.0
22 silly idealTree │ ├── readable-stream@2.2.9
22 silly idealTree │ ├── request@2.81.0
22 silly idealTree │ ├── rimraf@2.6.1
22 silly idealTree │ ├── safe-buffer@5.0.1
22 silly idealTree │ ├── semver@5.3.0
22 silly idealTree │ ├── set-blocking@2.0.0
22 silly idealTree │ ├── signal-exit@3.0.2
22 silly idealTree │ ├── sntp@1.0.9
22 silly idealTree │ ├─┬ sshpk@1.13.0
22 silly idealTree │ │ └── assert-plus@1.0.0
22 silly idealTree │ ├── string_decoder@1.0.1
22 silly idealTree │ ├── string-width@1.0.2
22 silly idealTree │ ├── stringstream@0.0.5
22 silly idealTree │ ├── strip-ansi@3.0.1
22 silly idealTree │ ├── strip-json-comments@2.0.1
22 silly idealTree │ ├── tar-pack@3.4.0
22 silly idealTree │ ├── tar@2.2.1
22 silly idealTree │ ├── tough-cookie@2.3.2
22 silly idealTree │ ├── tunnel-agent@0.6.0
22 silly idealTree │ ├── tweetnacl@0.14.5
22 silly idealTree │ ├── uid-number@0.0.6
22 silly idealTree │ ├── util-deprecate@1.0.2
22 silly idealTree │ ├── uuid@3.0.1
22 silly idealTree │ ├── verror@1.3.6
22 silly idealTree │ ├── wide-align@1.1.2
22 silly idealTree │ └── wrappy@1.0.2
22 silly idealTree ├── fstream@1.0.10
22 silly idealTree ├── gauge@2.7.4
22 silly idealTree ├── gaze@1.1.2
22 silly idealTree ├── generate-function@2.0.0
22 silly idealTree ├── generate-object-property@1.2.0
22 silly idealTree ├── get-caller-file@1.0.2
22 silly idealTree ├── get-stdin@4.0.1
22 silly idealTree ├── getobject@0.1.0
22 silly idealTree ├─┬ getpass@0.1.7
22 silly idealTree │ └── assert-plus@1.0.0
22 silly idealTree ├── glob-base@0.3.0
22 silly idealTree ├── glob-parent@2.0.0
22 silly idealTree ├── glob@7.1.1
22 silly idealTree ├── globals@9.18.0
22 silly idealTree ├─┬ globule@1.1.0
22 silly idealTree │ └── lodash@4.16.6
22 silly idealTree ├── graceful-fs@4.1.10
22 silly idealTree ├── graceful-readlink@1.0.1
22 silly idealTree ├── grunt-babel@6.0.0
22 silly idealTree ├── grunt-banner@0.6.0
22 silly idealTree ├── grunt-browser-sync@2.2.0
22 silly idealTree ├── grunt-concurrent@2.3.1
22 silly idealTree ├── grunt-contrib-clean@1.1.0
22 silly idealTree ├── grunt-contrib-compress@1.4.3
22 silly idealTree ├── grunt-contrib-concat@1.0.1
22 silly idealTree ├── grunt-contrib-copy@1.0.0
22 silly idealTree ├── grunt-contrib-jade@1.0.0
22 silly idealTree ├─┬ grunt-contrib-jasmine@1.1.0
22 silly idealTree │ └── lodash@2.4.2
22 silly idealTree ├─┬ grunt-contrib-uglify@3.0.1
22 silly idealTree │ ├── commander@2.11.0
22 silly idealTree │ └── uglify-js@3.0.28
22 silly idealTree ├─┬ grunt-contrib-watch@1.0.0
22 silly idealTree │ └── lodash@3.10.1
22 silly idealTree ├── grunt-known-options@1.1.0
22 silly idealTree ├─┬ grunt-legacy-log-utils@1.0.0
22 silly idealTree │ └── lodash@4.3.0
22 silly idealTree ├─┬ grunt-legacy-log@1.0.0
22 silly idealTree │ └── lodash@3.10.1
22 silly idealTree ├─┬ grunt-legacy-util@1.0.0
22 silly idealTree │ └── lodash@4.3.0
22 silly idealTree ├── grunt-lib-phantomjs@1.1.0
22 silly idealTree ├── grunt-notify@0.4.5
22 silly idealTree ├─┬ grunt-postcss@0.8.0
22 silly idealTree │ ├── has-flag@1.0.0
22 silly idealTree │ ├── postcss@5.2.17
22 silly idealTree │ └── supports-color@3.2.3
22 silly idealTree ├── grunt-remove-logging@0.2.0
22 silly idealTree ├── grunt-rename-util@1.0.0
22 silly idealTree ├── grunt-sass@2.0.0
22 silly idealTree ├── grunt-text-replace@0.4.0
22 silly idealTree ├─┬ grunt@1.0.1
22 silly idealTree │ ├── glob@7.0.6
22 silly idealTree │ ├── grunt-cli@1.2.0
22 silly idealTree │ └── rimraf@2.2.8
22 silly idealTree ├── gzip-size@1.0.0
22 silly idealTree ├── hammerjs@2.0.8
22 silly idealTree ├── har-schema@1.0.5
22 silly idealTree ├── har-validator@2.0.6
22 silly idealTree ├── has-ansi@2.0.0
22 silly idealTree ├─┬ has-binary@0.1.7
22 silly idealTree │ └── isarray@0.0.1
22 silly idealTree ├── has-cors@1.1.0
22 silly idealTree ├── has-flag@2.0.0
22 silly idealTree ├── has-unicode@2.0.1
22 silly idealTree ├── hasha@2.2.0
22 silly idealTree ├── hawk@3.1.3
22 silly idealTree ├── hoek@2.16.3
22 silly idealTree ├── home-or-tmp@2.0.0
22 silly idealTree ├── hooker@0.2.3
22 silly idealTree ├── hosted-git-info@2.1.5
22 silly idealTree ├── http-errors@1.5.1
22 silly idealTree ├── http-proxy@1.15.2
22 silly idealTree ├── http-signature@0.11.0
22 silly idealTree ├── iconv-lite@0.4.18
22 silly idealTree ├─┬ iltorb@1.3.5
22 silly idealTree │ ├── abbrev@1.1.0
22 silly idealTree │ ├── ajv@4.11.8
22 silly idealTree │ ├── ansi-regex@2.1.1
22 silly idealTree │ ├── aproba@1.1.2
22 silly idealTree │ ├── are-we-there-yet@1.1.4
22 silly idealTree │ ├── asn1@0.2.3
22 silly idealTree │ ├── assert-plus@1.0.0
22 silly idealTree │ ├── asynckit@0.4.0
22 silly idealTree │ ├── aws-sign2@0.6.0
22 silly idealTree │ ├── aws4@1.6.0
22 silly idealTree │ ├── balanced-match@1.0.0
22 silly idealTree │ ├── bcrypt-pbkdf@1.0.1
22 silly idealTree │ ├── block-stream@0.0.9
22 silly idealTree │ ├── boom@2.10.1
22 silly idealTree │ ├── brace-expansion@1.1.8
22 silly idealTree │ ├── caseless@0.12.0
22 silly idealTree │ ├── co@4.6.0
22 silly idealTree │ ├── code-point-at@1.1.0
22 silly idealTree │ ├── combined-stream@1.0.5
22 silly idealTree │ ├── concat-map@0.0.1
22 silly idealTree │ ├── console-control-strings@1.1.0
22 silly idealTree │ ├── core-util-is@1.0.2
22 silly idealTree │ ├── cryptiles@2.0.5
22 silly idealTree │ ├── dashdash@1.14.1
22 silly idealTree │ ├── debug@2.6.0
22 silly idealTree │ ├── deep-extend@0.4.2
22 silly idealTree │ ├── delayed-stream@1.0.0
22 silly idealTree │ ├── delegates@1.0.0
22 silly idealTree │ ├── ecc-jsbn@0.1.1
22 silly idealTree │ ├── extend@3.0.1
22 silly idealTree │ ├── extsprintf@1.0.2
22 silly idealTree │ ├── forever-agent@0.6.1
22 silly idealTree │ ├── form-data@2.1.4
22 silly idealTree │ ├── fs.realpath@1.0.0
22 silly idealTree │ ├── fstream-ignore@1.0.5
22 silly idealTree │ ├── fstream@1.0.11
22 silly idealTree │ ├── gauge@2.7.4
22 silly idealTree │ ├── getpass@0.1.7
22 silly idealTree │ ├── glob@7.1.1
22 silly idealTree │ ├── graceful-fs@4.1.11
22 silly idealTree │ ├── har-schema@1.0.5
22 silly idealTree │ ├── har-validator@4.2.1
22 silly idealTree │ ├── has-unicode@2.0.1
22 silly idealTree │ ├── hawk@3.1.3
22 silly idealTree │ ├── hoek@2.16.3
22 silly idealTree │ ├─┬ http-signature@1.1.1
22 silly idealTree │ │ └── assert-plus@0.2.0
22 silly idealTree │ ├── inflight@1.0.6
22 silly idealTree │ ├── inherits@2.0.3
22 silly idealTree │ ├── ini@1.3.4
22 silly idealTree │ ├── is-fullwidth-code-point@1.0.0
22 silly idealTree │ ├── is-typedarray@1.0.0
22 silly idealTree │ ├── isarray@1.0.0
22 silly idealTree │ ├── isstream@0.1.2
22 silly idealTree │ ├── jsbn@0.1.1
22 silly idealTree │ ├── json-schema@0.2.3
22 silly idealTree │ ├── json-stable-stringify@1.0.1
22 silly idealTree │ ├── json-stringify-safe@5.0.1
22 silly idealTree │ ├── jsonify@0.0.0
22 silly idealTree │ ├── jsprim@1.4.0
22 silly idealTree │ ├── mime-db@1.27.0
22 silly idealTree │ ├── mime-types@2.1.15
22 silly idealTree │ ├── minimatch@3.0.4
22 silly idealTree │ ├── minimist@0.0.8
22 silly idealTree │ ├── mkdirp@0.5.1
22 silly idealTree │ ├── ms@0.7.2
22 silly idealTree │ ├── nan@2.6.2
22 silly idealTree │ ├── node-pre-gyp@0.6.36
22 silly idealTree │ ├── nopt@4.0.1
22 silly idealTree │ ├── npmlog@4.1.0
22 silly idealTree │ ├── number-is-nan@1.0.1
22 silly idealTree │ ├── oauth-sign@0.8.2
22 silly idealTree │ ├── object-assign@4.1.1
22 silly idealTree │ ├── once@1.4.0
22 silly idealTree │ ├── os-homedir@1.0.2
22 silly idealTree │ ├── os-tmpdir@1.0.2
22 silly idealTree │ ├── osenv@0.1.4
22 silly idealTree │ ├── path-is-absolute@1.0.1
22 silly idealTree │ ├── performance-now@0.2.0
22 silly idealTree │ ├── process-nextick-args@1.0.7
22 silly idealTree │ ├── qs@6.4.0
22 silly idealTree │ ├─┬ rc@1.2.1
22 silly idealTree │ │ └── minimist@1.2.0
22 silly idealTree │ ├── readable-stream@2.3.1
22 silly idealTree │ ├── request@2.81.0
22 silly idealTree │ ├── rimraf@2.6.1
22 silly idealTree │ ├── safe-buffer@5.1.1
22 silly idealTree │ ├── semver@5.3.0
22 silly idealTree │ ├── set-blocking@2.0.0
22 silly idealTree │ ├── signal-exit@3.0.2
22 silly idealTree │ ├── sntp@1.0.9
22 silly idealTree │ ├── sshpk@1.13.1
22 silly idealTree │ ├─┬ string_decoder@1.0.2
22 silly idealTree │ │ └── safe-buffer@5.0.1
22 silly idealTree │ ├── string-width@1.0.2
22 silly idealTree │ ├── stringstream@0.0.5
22 silly idealTree │ ├── strip-ansi@3.0.1
22 silly idealTree │ ├── strip-json-comments@2.0.1
22 silly idealTree │ ├── tar-pack@3.4.0
22 silly idealTree │ ├── tar@2.2.1
22 silly idealTree │ ├─┬ tough-cookie@2.3.2
22 silly idealTree │ │ └── punycode@1.4.1
22 silly idealTree │ ├── tunnel-agent@0.6.0
22 silly idealTree │ ├── tweetnacl@0.14.5
22 silly idealTree │ ├── uid-number@0.0.6
22 silly idealTree │ ├── util-deprecate@1.0.2
22 silly idealTree │ ├── uuid@3.0.1
22 silly idealTree │ ├── verror@1.3.6
22 silly idealTree │ ├── wide-align@1.1.2
22 silly idealTree │ └── wrappy@1.0.2
22 silly idealTree ├── immutable@3.8.1
22 silly idealTree ├── in-publish@2.0.0
22 silly idealTree ├── indent-string@2.1.0
22 silly idealTree ├── indexof@0.0.1
22 silly idealTree ├── inflight@1.0.6
22 silly idealTree ├── inherits@2.0.3
22 silly idealTree ├── invariant@2.2.2
22 silly idealTree ├── invert-kv@1.0.0
22 silly idealTree ├── is-arrayish@0.2.1
22 silly idealTree ├── is-binary-path@1.0.1
22 silly idealTree ├── is-buffer@1.1.5
22 silly idealTree ├── is-builtin-module@1.0.0
22 silly idealTree ├── is-dotfile@1.0.3
22 silly idealTree ├── is-equal-shallow@0.1.3
22 silly idealTree ├── is-extendable@0.1.1
22 silly idealTree ├── is-extglob@1.0.0
22 silly idealTree ├── is-finite@1.0.2
22 silly idealTree ├── is-fullwidth-code-point@1.0.0
22 silly idealTree ├── is-glob@2.0.1
22 silly idealTree ├── is-my-json-valid@2.15.0
22 silly idealTree ├── is-number-like@1.0.8
22 silly idealTree ├── is-number@2.1.0
22 silly idealTree ├── is-posix-bracket@0.1.1
22 silly idealTree ├── is-primitive@2.0.0
22 silly idealTree ├── is-promise@2.1.0
22 silly idealTree ├── is-property@1.0.2
22 silly idealTree ├── is-stream@1.1.0
22 silly idealTree ├── is-typedarray@1.0.0
22 silly idealTree ├── is-utf8@0.2.1
22 silly idealTree ├── isarray@1.0.0
22 silly idealTree ├── isobject@2.1.0
22 silly idealTree ├── isstream@0.1.2
22 silly idealTree ├─┬ jade@1.11.0
22 silly idealTree │ └── commander@2.6.0
22 silly idealTree ├── jasmine-core@2.4.1
22 silly idealTree ├── jasmine-jquery@2.1.1
22 silly idealTree ├─┬ jasmine@2.8.0
22 silly idealTree │ └── jasmine-core@2.8.0
22 silly idealTree ├── jodid25519@1.0.2
22 silly idealTree ├── jquery@3.2.1
22 silly idealTree ├── js-base64@2.1.9
22 silly idealTree ├── js-tokens@3.0.2
22 silly idealTree ├── js-yaml@3.5.5
22 silly idealTree ├── jsbn@0.1.1
22 silly idealTree ├── jsesc@0.5.0
22 silly idealTree ├── json-schema@0.2.3
22 silly idealTree ├── json-stable-stringify@1.0.1
22 silly idealTree ├── json-stringify-safe@5.0.1
22 silly idealTree ├── json3@3.3.2
22 silly idealTree ├── json5@0.5.1
22 silly idealTree ├── jsonfile@2.4.0
22 silly idealTree ├── jsonify@0.0.0
22 silly idealTree ├── jsonpointer@4.0.0
22 silly idealTree ├─┬ jsprim@1.4.0
22 silly idealTree │ └── assert-plus@1.0.0
22 silly idealTree ├── jstransformer@0.0.2
22 silly idealTree ├── kew@0.7.0
22 silly idealTree ├── kind-of@3.2.2
22 silly idealTree ├── klaw@1.3.1
22 silly idealTree ├── lazy-cache@1.0.4
22 silly idealTree ├── lazystream@1.0.0
22 silly idealTree ├── lcid@1.0.0
22 silly idealTree ├── limiter@1.1.2
22 silly idealTree ├── livereload-js@2.2.2
22 silly idealTree ├── load-json-file@1.1.0
22 silly idealTree ├─┬ localtunnel@1.8.3
22 silly idealTree │ ├── assert-plus@0.2.0
22 silly idealTree │ ├── caseless@0.12.0
22 silly idealTree │ ├── debug@2.6.8
22 silly idealTree │ ├── form-data@2.1.4
22 silly idealTree │ ├── har-validator@4.2.1
22 silly idealTree │ ├── http-signature@1.1.1
22 silly idealTree │ ├── ms@2.0.0
22 silly idealTree │ ├── qs@6.4.0
22 silly idealTree │ ├── request@2.81.0
22 silly idealTree │ ├── tough-cookie@2.3.2
22 silly idealTree │ ├── tunnel-agent@0.6.0
22 silly idealTree │ ├── uuid@3.1.0
22 silly idealTree │ └── yargs@3.29.0
22 silly idealTree ├── lodash.assign@4.2.0
22 silly idealTree ├── lodash.clonedeep@4.5.0
22 silly idealTree ├── lodash.isfinite@3.3.2
22 silly idealTree ├── lodash.mergewith@4.6.0
22 silly idealTree ├── lodash@4.17.4
22 silly idealTree ├── longest@1.0.1
22 silly idealTree ├── loose-envify@1.3.1
22 silly idealTree ├── loud-rejection@1.6.0
22 silly idealTree ├── lru-cache@4.0.2
22 silly idealTree ├── map-obj@1.0.1
22 silly idealTree ├─┬ maxmin@1.1.0
22 silly idealTree │ └── pretty-bytes@1.0.4
22 silly idealTree ├── media-typer@0.3.0
22 silly idealTree ├─┬ meow@3.7.0
22 silly idealTree │ └── minimist@1.2.0
22 silly idealTree ├── micromatch@2.3.11
22 silly idealTree ├── mime-db@1.25.0
22 silly idealTree ├── mime-types@2.1.13
22 silly idealTree ├── mime@1.2.4
22 silly idealTree ├── minimatch@3.0.3
22 silly idealTree ├── minimist@0.0.8
22 silly idealTree ├── mkdirp@0.5.1
22 silly idealTree ├── ms@0.7.1
22 silly idealTree ├── nan@2.4.0
22 silly idealTree ├── negotiator@0.6.1
22 silly idealTree ├── node-archiver@0.3.0
22 silly idealTree ├── node-gyp@3.6.1
22 silly idealTree ├─┬ node-sass@4.5.2
22 silly idealTree │ ├── assert-plus@0.2.0
22 silly idealTree │ ├── caseless@0.12.0
22 silly idealTree │ ├── form-data@2.1.4
22 silly idealTree │ ├── har-validator@4.2.1
22 silly idealTree │ ├── http-signature@1.1.1
22 silly idealTree │ ├── qs@6.4.0
22 silly idealTree │ ├── request@2.81.0
22 silly idealTree │ ├── tough-cookie@2.3.2
22 silly idealTree │ ├── tunnel-agent@0.6.0
22 silly idealTree │ └── uuid@3.0.1
22 silly idealTree ├── node-uuid@1.4.7
22 silly idealTree ├── nopt@3.0.6
22 silly idealTree ├── normalize-package-data@2.3.5
22 silly idealTree ├── normalize-path@2.1.1
22 silly idealTree ├── normalize-range@0.1.2
22 silly idealTree ├── npmlog@4.1.0
22 silly idealTree ├── num2fraction@1.2.2
22 silly idealTree ├── number-is-nan@1.0.1
22 silly idealTree ├── oauth-sign@0.8.2
22 silly idealTree ├── object-assign@4.1.0
22 silly idealTree ├── object-component@0.0.3
22 silly idealTree ├── object-path@0.9.2
22 silly idealTree ├── object.omit@2.0.1
22 silly idealTree ├── on-finished@2.3.0
22 silly idealTree ├── once@1.4.0
22 silly idealTree ├── onetime@1.1.0
22 silly idealTree ├── openurl@1.1.1
22 silly idealTree ├── opn@4.0.2
22 silly idealTree ├── optimist@0.3.7
22 silly idealTree ├── options@0.0.6
22 silly idealTree ├── os-homedir@1.0.2
22 silly idealTree ├── os-locale@1.4.0
22 silly idealTree ├── os-tmpdir@1.0.2
22 silly idealTree ├── osenv@0.1.4
22 silly idealTree ├── package@1.0.1
22 silly idealTree ├── pad-stream@1.2.0
22 silly idealTree ├── pako@0.2.9
22 silly idealTree ├── parse-glob@3.0.4
22 silly idealTree ├── parse-json@2.2.0
22 silly idealTree ├── parsejson@0.0.3
22 silly idealTree ├── parseqs@0.0.5
22 silly idealTree ├── parseuri@0.0.5
22 silly idealTree ├── parseurl@1.3.1
22 silly idealTree ├── path-exists@2.1.0
22 silly idealTree ├── path-is-absolute@1.0.1
22 silly idealTree ├── path-type@1.1.0
22 silly idealTree ├── pend@1.2.0
22 silly idealTree ├── performance-now@0.2.0
22 silly idealTree ├─┬ phantomjs-prebuilt@2.1.14
22 silly idealTree │ ├── assert-plus@0.2.0
22 silly idealTree │ ├── form-data@2.1.4
22 silly idealTree │ ├── fs-extra@1.0.0
22 silly idealTree │ ├── http-signature@1.1.1
22 silly idealTree │ ├── qs@6.3.2
22 silly idealTree │ ├── request@2.79.0
22 silly idealTree │ ├── tough-cookie@2.3.2
22 silly idealTree │ └── uuid@3.0.1
22 silly idealTree ├── pify@2.3.0
22 silly idealTree ├── pinkie-promise@2.0.1
22 silly idealTree ├── pinkie@2.0.4
22 silly idealTree ├── portscanner@2.1.1
22 silly idealTree ├── postcss-value-parser@3.3.0
22 silly idealTree ├─┬ postcss@6.0.10
22 silly idealTree │ ├── ansi-styles@3.2.0
22 silly idealTree │ ├── chalk@2.1.0
22 silly idealTree │ └── source-map@0.5.7
22 silly idealTree ├── preserve@0.2.0
22 silly idealTree ├── pretty-bytes@4.0.2
22 silly idealTree ├── private@0.1.7
22 silly idealTree ├── process-nextick-args@1.0.7
22 silly idealTree ├── progress@1.1.8
22 silly idealTree ├── promise@6.1.0
22 silly idealTree ├── pseudomap@1.0.2
22 silly idealTree ├── pump@1.0.2
22 silly idealTree ├── pumpify@1.3.5
22 silly idealTree ├── punycode@1.4.1
22 silly idealTree ├── qs@6.2.1
22 silly idealTree ├─┬ randomatic@1.1.7
22 silly idealTree │ ├─┬ is-number@3.0.0
22 silly idealTree │ │ └── kind-of@3.2.2
22 silly idealTree │ └── kind-of@4.0.0
22 silly idealTree ├── range-parser@1.2.0
22 silly idealTree ├─┬ raw-body@2.1.7
22 silly idealTree │ ├── bytes@2.4.0
22 silly idealTree │ └── iconv-lite@0.4.13
22 silly idealTree ├── read-pkg-up@1.0.1
22 silly idealTree ├── read-pkg@1.1.0
22 silly idealTree ├── readable-stream@2.2.2
22 silly idealTree ├── readdirp@2.1.0
22 silly idealTree ├── redent@1.0.0
22 silly idealTree ├── regenerate@1.3.2
22 silly idealTree ├── regenerator-runtime@0.10.5
22 silly idealTree ├── regenerator-transform@0.10.1
22 silly idealTree ├── regex-cache@0.4.3
22 silly idealTree ├── regexpu-core@2.0.0
22 silly idealTree ├── regjsgen@0.2.0
22 silly idealTree ├── regjsparser@0.1.5
22 silly idealTree ├── remove-trailing-separator@1.1.0
22 silly idealTree ├── repeat-element@1.1.2
22 silly idealTree ├── repeat-string@1.6.1
22 silly idealTree ├── repeating@2.0.1
22 silly idealTree ├── request-progress@2.0.1
22 silly idealTree ├─┬ request@2.65.0
22 silly idealTree │ └── qs@5.2.1
22 silly idealTree ├── require-directory@2.1.1
22 silly idealTree ├── require-main-filename@1.0.1
22 silly idealTree ├── requires-port@1.0.0
22 silly idealTree ├── resolve@1.1.7
22 silly idealTree ├── resp-modifier@6.0.2
22 silly idealTree ├── right-align@0.1.3
22 silly idealTree ├── rimraf@2.5.4
22 silly idealTree ├── rx@4.1.0
22 silly idealTree ├── safe-buffer@5.0.1
22 silly idealTree ├─┬ sass-graph@2.2.2
22 silly idealTree │ ├── camelcase@3.0.0
22 silly idealTree │ ├── lodash@4.17.4
22 silly idealTree │ ├── yargs-parser@4.2.1
22 silly idealTree │ └── yargs@6.6.0
22 silly idealTree ├─┬ scss-tokenizer@0.2.1
22 silly idealTree │ └── source-map@0.4.4
22 silly idealTree ├── semver@5.3.0
22 silly idealTree ├─┬ send@0.15.2
22 silly idealTree │ ├─┬ debug@2.6.4
22 silly idealTree │ │ └── ms@0.7.3
22 silly idealTree │ ├── fresh@0.5.0
22 silly idealTree │ ├── http-errors@1.6.2
22 silly idealTree │ ├── mime@1.3.4
22 silly idealTree │ ├── ms@1.0.0
22 silly idealTree │ └── setprototypeof@1.0.3
22 silly idealTree ├── serve-index@1.8.0
22 silly idealTree ├── serve-static@1.12.2
22 silly idealTree ├── server-destroy@1.0.1
22 silly idealTree ├── set-blocking@2.0.0
22 silly idealTree ├── set-immediate-shim@1.0.1
22 silly idealTree ├── setprototypeof@1.0.2
22 silly idealTree ├── signal-exit@3.0.1
22 silly idealTree ├── slash@1.0.0
22 silly idealTree ├── sntp@1.0.9
22 silly idealTree ├─┬ socket.io-adapter@0.5.0
22 silly idealTree │ ├── debug@2.3.3
22 silly idealTree │ └── ms@0.7.2
22 silly idealTree ├─┬ socket.io-client@1.6.0
22 silly idealTree │ ├── component-emitter@1.2.1
22 silly idealTree │ ├── debug@2.3.3
22 silly idealTree │ └── ms@0.7.2
22 silly idealTree ├─┬ socket.io-parser@2.3.1
22 silly idealTree │ └── isarray@0.0.1
22 silly idealTree ├─┬ socket.io@1.6.0
22 silly idealTree │ ├── debug@2.3.3
22 silly idealTree │ └── ms@0.7.2
22 silly idealTree ├── source-map-support@0.4.15
22 silly idealTree ├── source-map@0.5.6
22 silly idealTree ├── spdx-correct@1.0.2
22 silly idealTree ├── spdx-expression-parse@1.0.4
22 silly idealTree ├── spdx-license-ids@1.2.2
22 silly idealTree ├── split2@1.1.1
22 silly idealTree ├── sprintf-js@1.0.3
22 silly idealTree ├─┬ sshpk@1.13.0
22 silly idealTree │ ├── asn1@0.2.3
22 silly idealTree │ └── assert-plus@1.0.0
22 silly idealTree ├── stack-parser@0.0.1
22 silly idealTree ├── statuses@1.3.1
22 silly idealTree ├── stdout-stream@1.4.0
22 silly idealTree ├── stream-buffers@2.2.0
22 silly idealTree ├── stream-shift@1.0.0
22 silly idealTree ├── stream-throttle@0.1.3
22 silly idealTree ├── string_decoder@0.10.31
22 silly idealTree ├── string-width@1.0.2
22 silly idealTree ├── stringstream@0.0.5
22 silly idealTree ├── strip-ansi@3.0.1
22 silly idealTree ├── strip-bom@2.0.0
22 silly idealTree ├── strip-indent@1.0.1
22 silly idealTree ├── supports-color@4.2.1
22 silly idealTree ├── tar-stream@1.5.4
22 silly idealTree ├── tar@2.2.1
22 silly idealTree ├── temporary@0.0.8
22 silly idealTree ├── tfunk@3.1.0
22 silly idealTree ├── throttleit@1.0.0
22 silly idealTree ├── through2@2.0.3
22 silly idealTree ├─┬ tiny-lr@0.2.1
22 silly idealTree │ └── qs@5.1.0
22 silly idealTree ├── to-array@0.1.4
22 silly idealTree ├── to-fast-properties@1.0.3
22 silly idealTree ├── tough-cookie@2.2.2
22 silly idealTree ├─┬ transformers@2.1.0
22 silly idealTree │ ├── is-promise@1.0.1
22 silly idealTree │ ├── promise@2.0.0
22 silly idealTree │ ├── source-map@0.1.43
22 silly idealTree │ └── uglify-js@2.2.5
22 silly idealTree ├── trim-newlines@1.0.0
22 silly idealTree ├── trim-right@1.0.1
22 silly idealTree ├── tunnel-agent@0.4.3
22 silly idealTree ├── tweetnacl@0.14.5
22 silly idealTree ├─┬ type-is@1.6.15
22 silly idealTree │ ├── mime-db@1.29.0
22 silly idealTree │ └── mime-types@2.1.16
22 silly idealTree ├── typedarray@0.0.6
22 silly idealTree ├── ua-parser-js@0.7.12
22 silly idealTree ├─┬ uglify-js@2.8.29
22 silly idealTree │ ├── cliui@2.1.0
22 silly idealTree │ ├── window-size@0.1.0
22 silly idealTree │ ├── wordwrap@0.0.2
22 silly idealTree │ └── yargs@3.10.0
22 silly idealTree ├── uglify-to-browserify@1.0.2
22 silly idealTree ├── ultron@1.0.2
22 silly idealTree ├── underscore.string@3.2.3
22 silly idealTree ├── underscore@1.7.0
22 silly idealTree ├── universalify@0.1.1
22 silly idealTree ├── unpipe@1.0.0
22 silly idealTree ├── uri-path@1.0.0
22 silly idealTree ├── util-deprecate@1.0.2
22 silly idealTree ├── utils-merge@1.0.0
22 silly idealTree ├── validate-npm-package-license@3.0.1
22 silly idealTree ├── verror@1.3.6
22 silly idealTree ├── void-elements@2.0.1
22 silly idealTree ├── walkdir@0.0.11
22 silly idealTree ├── websocket-driver@0.6.5
22 silly idealTree ├── websocket-extensions@0.1.1
22 silly idealTree ├── weinre@2.0.0-pre-I0Z7U9OV
22 silly idealTree ├── which-module@1.0.0
22 silly idealTree ├─┬ which@1.2.14
22 silly idealTree │ └── isexe@2.0.0
22 silly idealTree ├── wide-align@1.1.2
22 silly idealTree ├── window-size@0.1.4
22 silly idealTree ├─┬ with@4.0.3
22 silly idealTree │ └── acorn@1.2.2
22 silly idealTree ├── wordwrap@0.0.3
22 silly idealTree ├── wrap-ansi@2.0.0
22 silly idealTree ├── wrappy@1.0.2
22 silly idealTree ├── ws@1.1.1
22 silly idealTree ├── wtf-8@1.0.0
22 silly idealTree ├── xmlhttprequest-ssl@1.5.3
22 silly idealTree ├── xtend@4.0.1
22 silly idealTree ├── y18n@3.2.1
22 silly idealTree ├── yallist@2.1.2
22 silly idealTree ├─┬ yargs-parser@4.2.1
22 silly idealTree │ └── camelcase@3.0.0
22 silly idealTree ├─┬ yargs@6.4.0
22 silly idealTree │ ├── camelcase@3.0.0
22 silly idealTree │ └── window-size@0.2.0
22 silly idealTree ├── yauzl@2.4.1
22 silly idealTree ├── yeast@0.1.2
22 silly idealTree └── zip-stream@1.2.0
23 silly generateActionsToTake Starting
24 silly install generateActionsToTake
25 silly generateActionsToTake Finishing
26 silly diffTrees action count 0
27 silly decomposeActions action count 0
28 silly runTopLevelLifecycles Starting
29 silly executeActions Starting
30 silly install executeActions
31 silly doSerial global-install 0
32 silly doParallel fetch 0
33 verbose correctMkdir /Users/alanchang/.npm/_locks correctMkdir not in flight; initializing
34 verbose lock using /Users/alanchang/.npm/_locks/staging-8048ee4f3bd531c0.lock for /Users/alanchang/Desktop/materialize/node_modules/.staging
35 verbose unlock done using /Users/alanchang/.npm/_locks/staging-8048ee4f3bd531c0.lock for /Users/alanchang/Desktop/materialize/node_modules/.staging
36 silly rollbackFailedOptional Starting
37 silly rollbackFailedOptional Finishing
38 silly runTopLevelLifecycles Finishing
39 silly install printInstalled
40 verbose stack Error: EACCES: permission denied, mkdir '/Users/alanchang/Desktop/materialize/node_modules/.staging'
41 verbose cwd /Users/alanchang/Desktop/materialize
42 error Darwin 16.4.0
43 error argv "/usr/local/bin/node" "/usr/local/bin/npm" "remove" "materialize-css"
44 error node v7.1.0
45 error npm  v3.10.9
46 error path /Users/alanchang/Desktop/materialize/node_modules/.staging
47 error code EACCES
48 error errno -13
49 error syscall mkdir
50 error Error: EACCES: permission denied, mkdir '/Users/alanchang/Desktop/materialize/node_modules/.staging'
50 error  { Error: EACCES: permission denied, mkdir '/Users/alanchang/Desktop/materialize/node_modules/.staging'
50 error   errno: -13,
50 error   code: 'EACCES',
50 error   syscall: 'mkdir',
50 error   path: '/Users/alanchang/Desktop/materialize/node_modules/.staging' }
51 error Please try running this command again as root/Administrator.
52 verbose exit [ -13, true ]
